{"numFailedTestSuites":9,"numFailedTests":84,"numPassedTestSuites":16,"numPassedTests":176,"numPendingTestSuites":0,"numPendingTests":0,"numRuntimeErrorTestSuites":0,"numTodoTests":0,"numTotalTestSuites":25,"numTotalTests":260,"openHandles":[],"snapshot":{"added":0,"didUpdate":false,"failure":false,"filesAdded":0,"filesRemoved":0,"filesRemovedList":[],"filesUnmatched":0,"filesUpdated":0,"matched":0,"total":0,"unchecked":0,"uncheckedKeysByFile":[],"unmatched":0,"updated":0},"startTime":1752779215728,"success":false,"testResults":[{"assertionResults":[{"ancestorTitles":["diaryApi","getMoods"],"duration":15,"failing":false,"failureDetails":[{"matcherResult":{"actual":{"moods":[{"id":"happy","name":"Happy","emoji":"😊","color":"#4CAF50","created_at":"2024-12-01T10:00:00Z"},{"id":"sad","name":"Sad","emoji":"😢","color":"#2196F3","created_at":"2024-12-01T10:00:00Z"},{"id":"angry","name":"Angry","emoji":"😠","color":"#F44336","created_at":"2024-12-01T10:00:00Z"},{"id":"calm","name":"Calm","emoji":"😌","color":"#9C27B0","created_at":"2024-12-01T10:00:00Z"},{"id":"excited","name":"Excited","emoji":"🤩","color":"#FF9800","created_at":"2024-12-01T10:00:00Z"}]},"expected":{"moods":[{"id":"happy","name":"Happy","emoji":"😊","color":"#4CAF50","created_at":"2024-12-01T10:00:00Z"},{"id":"sad","name":"Sad","emoji":"😢","color":"#2196F3","created_at":"2024-12-01T10:00:00Z"}]},"message":"\u001b[2mexpect(\u001b[22m\u001b[31mreceived\u001b[39m\u001b[2m).\u001b[22mtoEqual\u001b[2m(\u001b[22m\u001b[32mexpected\u001b[39m\u001b[2m) // deep equality\u001b[22m\n\n\u001b[32m- Expected  -  0\u001b[39m\n\u001b[31m+ Received  + 21\u001b[39m\n\n\u001b[33m@@ -12,7 +12,28 @@\u001b[39m\n\u001b[2m        \"created_at\": \"2024-12-01T10:00:00Z\",\u001b[22m\n\u001b[2m        \"emoji\": \"😢\",\u001b[22m\n\u001b[2m        \"id\": \"sad\",\u001b[22m\n\u001b[2m        \"name\": \"Sad\",\u001b[22m\n\u001b[2m      },\u001b[22m\n\u001b[31m+     Object {\u001b[39m\n\u001b[31m+       \"color\": \"#F44336\",\u001b[39m\n\u001b[31m+       \"created_at\": \"2024-12-01T10:00:00Z\",\u001b[39m\n\u001b[31m+       \"emoji\": \"😠\",\u001b[39m\n\u001b[31m+       \"id\": \"angry\",\u001b[39m\n\u001b[31m+       \"name\": \"Angry\",\u001b[39m\n\u001b[31m+     },\u001b[39m\n\u001b[31m+     Object {\u001b[39m\n\u001b[31m+       \"color\": \"#9C27B0\",\u001b[39m\n\u001b[31m+       \"created_at\": \"2024-12-01T10:00:00Z\",\u001b[39m\n\u001b[31m+       \"emoji\": \"😌\",\u001b[39m\n\u001b[31m+       \"id\": \"calm\",\u001b[39m\n\u001b[31m+       \"name\": \"Calm\",\u001b[39m\n\u001b[31m+     },\u001b[39m\n\u001b[31m+     Object {\u001b[39m\n\u001b[31m+       \"color\": \"#FF9800\",\u001b[39m\n\u001b[31m+       \"created_at\": \"2024-12-01T10:00:00Z\",\u001b[39m\n\u001b[31m+       \"emoji\": \"🤩\",\u001b[39m\n\u001b[31m+       \"id\": \"excited\",\u001b[39m\n\u001b[31m+       \"name\": \"Excited\",\u001b[39m\n\u001b[31m+     },\u001b[39m\n\u001b[2m    ],\u001b[22m\n\u001b[2m  }\u001b[22m","name":"toEqual","pass":false}}],"failureMessages":["Error: \u001b[2mexpect(\u001b[22m\u001b[31mreceived\u001b[39m\u001b[2m).\u001b[22mtoEqual\u001b[2m(\u001b[22m\u001b[32mexpected\u001b[39m\u001b[2m) // deep equality\u001b[22m\n\n\u001b[32m- Expected  -  0\u001b[39m\n\u001b[31m+ Received  + 21\u001b[39m\n\n\u001b[33m@@ -12,7 +12,28 @@\u001b[39m\n\u001b[2m        \"created_at\": \"2024-12-01T10:00:00Z\",\u001b[22m\n\u001b[2m        \"emoji\": \"😢\",\u001b[22m\n\u001b[2m        \"id\": \"sad\",\u001b[22m\n\u001b[2m        \"name\": \"Sad\",\u001b[22m\n\u001b[2m      },\u001b[22m\n\u001b[31m+     Object {\u001b[39m\n\u001b[31m+       \"color\": \"#F44336\",\u001b[39m\n\u001b[31m+       \"created_at\": \"2024-12-01T10:00:00Z\",\u001b[39m\n\u001b[31m+       \"emoji\": \"😠\",\u001b[39m\n\u001b[31m+       \"id\": \"angry\",\u001b[39m\n\u001b[31m+       \"name\": \"Angry\",\u001b[39m\n\u001b[31m+     },\u001b[39m\n\u001b[31m+     Object {\u001b[39m\n\u001b[31m+       \"color\": \"#9C27B0\",\u001b[39m\n\u001b[31m+       \"created_at\": \"2024-12-01T10:00:00Z\",\u001b[39m\n\u001b[31m+       \"emoji\": \"😌\",\u001b[39m\n\u001b[31m+       \"id\": \"calm\",\u001b[39m\n\u001b[31m+       \"name\": \"Calm\",\u001b[39m\n\u001b[31m+     },\u001b[39m\n\u001b[31m+     Object {\u001b[39m\n\u001b[31m+       \"color\": \"#FF9800\",\u001b[39m\n\u001b[31m+       \"created_at\": \"2024-12-01T10:00:00Z\",\u001b[39m\n\u001b[31m+       \"emoji\": \"🤩\",\u001b[39m\n\u001b[31m+       \"id\": \"excited\",\u001b[39m\n\u001b[31m+       \"name\": \"Excited\",\u001b[39m\n\u001b[31m+     },\u001b[39m\n\u001b[2m    ],\u001b[22m\n\u001b[2m  }\u001b[22m\n    at Object.<anonymous> (E:\\Dev\\superapp\\frontend\\app\\diary\\atoms\\api.test.ts:62:22)\n    at processTicksAndRejections (node:internal/process/task_queues:105:5)"],"fullName":"diaryApi getMoods should return all available moods","invocations":1,"location":null,"numPassingAsserts":0,"retryReasons":[],"startAt":1752779221904,"status":"failed","title":"should return all available moods"},{"ancestorTitles":["diaryApi","getDiaryEntries"],"duration":6,"failing":false,"failureDetails":[{"matcherResult":{"actual":{"entries":[{"id":"demo-1","title":"My First Entry","content":"Today was a great day! I started my new project and everything went smoothly. The team was supportive and I feel really motivated about what we're building.","mood":"happy","date":"2024-12-01","images":[],"created_at":"2024-12-01T10:00:00Z","updated_at":"2024-12-01T10:00:00Z"},{"id":"demo-2","title":"Reflection Time","content":"Feeling a bit down today. Work was challenging and I didn't get as much done as I hoped. But I'm trying to stay positive and focus on tomorrow.","mood":"sad","date":"2024-12-02","images":[],"created_at":"2024-12-02T15:30:00Z","updated_at":"2024-12-02T15:30:00Z"},{"id":"demo-3","title":"Frustrated with Technology","content":"My computer crashed three times today while working on an important project. Lost some progress and feeling really frustrated with technology right now.","mood":"angry","date":"2024-12-03","images":[],"created_at":"2024-12-03T14:20:00Z","updated_at":"2024-12-03T14:20:00Z"},{"id":"demo-4","title":"Peaceful Evening","content":"Spent the evening reading a good book and listening to calming music. The sunset was beautiful and I feel really at peace right now.","mood":"calm","date":"2024-12-04","images":[],"created_at":"2024-12-04T19:45:00Z","updated_at":"2024-12-04T19:45:00Z"},{"id":"demo-5","title":"Big News!","content":"I got the job offer I've been waiting for! This is exactly what I wanted and I'm so excited to start this new chapter in my career.","mood":"excited","date":"2024-12-05","images":[],"created_at":"2024-12-05T11:15:00Z","updated_at":"2024-12-05T11:15:00Z"},{"id":"demo-6","title":"Weekend Plans","content":"Planning a fun weekend with friends. We're going hiking and then having a barbecue. I'm really looking forward to spending time outdoors.","mood":"happy","date":"2024-12-06","images":[],"created_at":"2024-12-06T09:30:00Z","updated_at":"2024-12-06T09:30:00Z"},{"id":"demo-7","title":"Learning Something New","content":"Started learning a new programming language today. It's challenging but exciting. I love the feeling of expanding my skills.","mood":"excited","date":"2024-12-07","images":[],"created_at":"2024-12-07T16:00:00Z","updated_at":"2024-12-07T16:00:00Z"},{"id":"demo-8","title":"Missing Home","content":"Feeling homesick today. It's been a while since I've seen my family. Planning to call them this weekend and maybe plan a visit soon.","mood":"sad","date":"2024-12-08","images":[],"created_at":"2024-12-08T20:10:00Z","updated_at":"2024-12-08T20:10:00Z"},{"id":"demo-9","title":"Meditation Session","content":"Had a great meditation session this morning. I'm trying to make it a daily habit. It really helps me start the day with a clear mind.","mood":"calm","date":"2024-12-09","images":[],"created_at":"2024-12-09T07:00:00Z","updated_at":"2024-12-09T07:00:00Z"},{"id":"demo-10","title":"Traffic Rage","content":"Stuck in traffic for over an hour today. People were driving so recklessly and I was late for an important meeting. Completely ruined my mood.","mood":"angry","date":"2024-12-10","images":[],"created_at":"2024-12-10T08:45:00Z","updated_at":"2024-12-10T08:45:00Z"}],"meta":{"total":10,"page":1,"limit":10,"pages":1}},"expected":{"entries":[{"id":"550e8400-e29b-41d4-a716-446655440000","title":"My First Entry","content":"Today was a great day...","mood":"happy","date":"2024-12-01","images":[],"created_at":"2024-12-01T10:00:00Z","updated_at":"2024-12-01T10:00:00Z"},{"id":"660e8400-e29b-41d4-a716-446655440001","title":"Reflection Time","content":"Feeling a bit down today...","mood":"sad","date":"2024-12-02","images":["/static/uploads/reflection.jpg"],"created_at":"2024-12-02T15:30:00Z","updated_at":"2024-12-02T15:30:00Z"}],"meta":{"total":2,"page":1,"limit":20,"pages":1}},"message":"\u001b[2mexpect(\u001b[22m\u001b[31mreceived\u001b[39m\u001b[2m).\u001b[22mtoEqual\u001b[2m(\u001b[22m\u001b[32mexpected\u001b[39m\u001b[2m) // deep equality\u001b[22m\n\n\u001b[32m- Expected  -  9\u001b[39m\n\u001b[31m+ Received  + 87\u001b[39m\n\n\u001b[2m  Object {\u001b[22m\n\u001b[2m    \"entries\": Array [\u001b[22m\n\u001b[2m      Object {\u001b[22m\n\u001b[32m-       \"content\": \"Today was a great day...\",\u001b[39m\n\u001b[31m+       \"content\": \"Today was a great day! I started my new project and everything went smoothly. The team was supportive and I feel really motivated about what we're building.\",\u001b[39m\n\u001b[2m        \"created_at\": \"2024-12-01T10:00:00Z\",\u001b[22m\n\u001b[2m        \"date\": \"2024-12-01\",\u001b[22m\n\u001b[32m-       \"id\": \"550e8400-e29b-41d4-a716-446655440000\",\u001b[39m\n\u001b[31m+       \"id\": \"demo-1\",\u001b[39m\n\u001b[2m        \"images\": Array [],\u001b[22m\n\u001b[2m        \"mood\": \"happy\",\u001b[22m\n\u001b[2m        \"title\": \"My First Entry\",\u001b[22m\n\u001b[2m        \"updated_at\": \"2024-12-01T10:00:00Z\",\u001b[22m\n\u001b[2m      },\u001b[22m\n\u001b[2m      Object {\u001b[22m\n\u001b[32m-       \"content\": \"Feeling a bit down today...\",\u001b[39m\n\u001b[31m+       \"content\": \"Feeling a bit down today. Work was challenging and I didn't get as much done as I hoped. But I'm trying to stay positive and focus on tomorrow.\",\u001b[39m\n\u001b[2m        \"created_at\": \"2024-12-02T15:30:00Z\",\u001b[22m\n\u001b[2m        \"date\": \"2024-12-02\",\u001b[22m\n\u001b[32m-       \"id\": \"660e8400-e29b-41d4-a716-446655440001\",\u001b[39m\n\u001b[32m-       \"images\": Array [\u001b[39m\n\u001b[32m-         \"/static/uploads/reflection.jpg\",\u001b[39m\n\u001b[32m-       ],\u001b[39m\n\u001b[31m+       \"id\": \"demo-2\",\u001b[39m\n\u001b[31m+       \"images\": Array [],\u001b[39m\n\u001b[2m        \"mood\": \"sad\",\u001b[22m\n\u001b[2m        \"title\": \"Reflection Time\",\u001b[22m\n\u001b[2m        \"updated_at\": \"2024-12-02T15:30:00Z\",\u001b[22m\n\u001b[31m+     },\u001b[39m\n\u001b[31m+     Object {\u001b[39m\n\u001b[31m+       \"content\": \"My computer crashed three times today while working on an important project. Lost some progress and feeling really frustrated with technology right now.\",\u001b[39m\n\u001b[31m+       \"created_at\": \"2024-12-03T14:20:00Z\",\u001b[39m\n\u001b[31m+       \"date\": \"2024-12-03\",\u001b[39m\n\u001b[31m+       \"id\": \"demo-3\",\u001b[39m\n\u001b[31m+       \"images\": Array [],\u001b[39m\n\u001b[31m+       \"mood\": \"angry\",\u001b[39m\n\u001b[31m+       \"title\": \"Frustrated with Technology\",\u001b[39m\n\u001b[31m+       \"updated_at\": \"2024-12-03T14:20:00Z\",\u001b[39m\n\u001b[31m+     },\u001b[39m\n\u001b[31m+     Object {\u001b[39m\n\u001b[31m+       \"content\": \"Spent the evening reading a good book and listening to calming music. The sunset was beautiful and I feel really at peace right now.\",\u001b[39m\n\u001b[31m+       \"created_at\": \"2024-12-04T19:45:00Z\",\u001b[39m\n\u001b[31m+       \"date\": \"2024-12-04\",\u001b[39m\n\u001b[31m+       \"id\": \"demo-4\",\u001b[39m\n\u001b[31m+       \"images\": Array [],\u001b[39m\n\u001b[31m+       \"mood\": \"calm\",\u001b[39m\n\u001b[31m+       \"title\": \"Peaceful Evening\",\u001b[39m\n\u001b[31m+       \"updated_at\": \"2024-12-04T19:45:00Z\",\u001b[39m\n\u001b[31m+     },\u001b[39m\n\u001b[31m+     Object {\u001b[39m\n\u001b[31m+       \"content\": \"I got the job offer I've been waiting for! This is exactly what I wanted and I'm so excited to start this new chapter in my career.\",\u001b[39m\n\u001b[31m+       \"created_at\": \"2024-12-05T11:15:00Z\",\u001b[39m\n\u001b[31m+       \"date\": \"2024-12-05\",\u001b[39m\n\u001b[31m+       \"id\": \"demo-5\",\u001b[39m\n\u001b[31m+       \"images\": Array [],\u001b[39m\n\u001b[31m+       \"mood\": \"excited\",\u001b[39m\n\u001b[31m+       \"title\": \"Big News!\",\u001b[39m\n\u001b[31m+       \"updated_at\": \"2024-12-05T11:15:00Z\",\u001b[39m\n\u001b[31m+     },\u001b[39m\n\u001b[31m+     Object {\u001b[39m\n\u001b[31m+       \"content\": \"Planning a fun weekend with friends. We're going hiking and then having a barbecue. I'm really looking forward to spending time outdoors.\",\u001b[39m\n\u001b[31m+       \"created_at\": \"2024-12-06T09:30:00Z\",\u001b[39m\n\u001b[31m+       \"date\": \"2024-12-06\",\u001b[39m\n\u001b[31m+       \"id\": \"demo-6\",\u001b[39m\n\u001b[31m+       \"images\": Array [],\u001b[39m\n\u001b[31m+       \"mood\": \"happy\",\u001b[39m\n\u001b[31m+       \"title\": \"Weekend Plans\",\u001b[39m\n\u001b[31m+       \"updated_at\": \"2024-12-06T09:30:00Z\",\u001b[39m\n\u001b[31m+     },\u001b[39m\n\u001b[31m+     Object {\u001b[39m\n\u001b[31m+       \"content\": \"Started learning a new programming language today. It's challenging but exciting. I love the feeling of expanding my skills.\",\u001b[39m\n\u001b[31m+       \"created_at\": \"2024-12-07T16:00:00Z\",\u001b[39m\n\u001b[31m+       \"date\": \"2024-12-07\",\u001b[39m\n\u001b[31m+       \"id\": \"demo-7\",\u001b[39m\n\u001b[31m+       \"images\": Array [],\u001b[39m\n\u001b[31m+       \"mood\": \"excited\",\u001b[39m\n\u001b[31m+       \"title\": \"Learning Something New\",\u001b[39m\n\u001b[31m+       \"updated_at\": \"2024-12-07T16:00:00Z\",\u001b[39m\n\u001b[31m+     },\u001b[39m\n\u001b[31m+     Object {\u001b[39m\n\u001b[31m+       \"content\": \"Feeling homesick today. It's been a while since I've seen my family. Planning to call them this weekend and maybe plan a visit soon.\",\u001b[39m\n\u001b[31m+       \"created_at\": \"2024-12-08T20:10:00Z\",\u001b[39m\n\u001b[31m+       \"date\": \"2024-12-08\",\u001b[39m\n\u001b[31m+       \"id\": \"demo-8\",\u001b[39m\n\u001b[31m+       \"images\": Array [],\u001b[39m\n\u001b[31m+       \"mood\": \"sad\",\u001b[39m\n\u001b[31m+       \"title\": \"Missing Home\",\u001b[39m\n\u001b[31m+       \"updated_at\": \"2024-12-08T20:10:00Z\",\u001b[39m\n\u001b[2m      },\u001b[22m\n\u001b[31m+     Object {\u001b[39m\n\u001b[31m+       \"content\": \"Had a great meditation session this morning. I'm trying to make it a daily habit. It really helps me start the day with a clear mind.\",\u001b[39m\n\u001b[31m+       \"created_at\": \"2024-12-09T07:00:00Z\",\u001b[39m\n\u001b[31m+       \"date\": \"2024-12-09\",\u001b[39m\n\u001b[31m+       \"id\": \"demo-9\",\u001b[39m\n\u001b[31m+       \"images\": Array [],\u001b[39m\n\u001b[31m+       \"mood\": \"calm\",\u001b[39m\n\u001b[31m+       \"title\": \"Meditation Session\",\u001b[39m\n\u001b[31m+       \"updated_at\": \"2024-12-09T07:00:00Z\",\u001b[39m\n\u001b[31m+     },\u001b[39m\n\u001b[31m+     Object {\u001b[39m\n\u001b[31m+       \"content\": \"Stuck in traffic for over an hour today. People were driving so recklessly and I was late for an important meeting. Completely ruined my mood.\",\u001b[39m\n\u001b[31m+       \"created_at\": \"2024-12-10T08:45:00Z\",\u001b[39m\n\u001b[31m+       \"date\": \"2024-12-10\",\u001b[39m\n\u001b[31m+       \"id\": \"demo-10\",\u001b[39m\n\u001b[31m+       \"images\": Array [],\u001b[39m\n\u001b[31m+       \"mood\": \"angry\",\u001b[39m\n\u001b[31m+       \"title\": \"Traffic Rage\",\u001b[39m\n\u001b[31m+       \"updated_at\": \"2024-12-10T08:45:00Z\",\u001b[39m\n\u001b[31m+     },\u001b[39m\n\u001b[2m    ],\u001b[22m\n\u001b[2m    \"meta\": Object {\u001b[22m\n\u001b[32m-     \"limit\": 20,\u001b[39m\n\u001b[31m+     \"limit\": 10,\u001b[39m\n\u001b[2m      \"page\": 1,\u001b[22m\n\u001b[2m      \"pages\": 1,\u001b[22m\n\u001b[32m-     \"total\": 2,\u001b[39m\n\u001b[31m+     \"total\": 10,\u001b[39m\n\u001b[2m    },\u001b[22m\n\u001b[2m  }\u001b[22m","name":"toEqual","pass":false}}],"failureMessages":["Error: \u001b[2mexpect(\u001b[22m\u001b[31mreceived\u001b[39m\u001b[2m).\u001b[22mtoEqual\u001b[2m(\u001b[22m\u001b[32mexpected\u001b[39m\u001b[2m) // deep equality\u001b[22m\n\n\u001b[32m- Expected  -  9\u001b[39m\n\u001b[31m+ Received  + 87\u001b[39m\n\n\u001b[2m  Object {\u001b[22m\n\u001b[2m    \"entries\": Array [\u001b[22m\n\u001b[2m      Object {\u001b[22m\n\u001b[32m-       \"content\": \"Today was a great day...\",\u001b[39m\n\u001b[31m+       \"content\": \"Today was a great day! I started my new project and everything went smoothly. The team was supportive and I feel really motivated about what we're building.\",\u001b[39m\n\u001b[2m        \"created_at\": \"2024-12-01T10:00:00Z\",\u001b[22m\n\u001b[2m        \"date\": \"2024-12-01\",\u001b[22m\n\u001b[32m-       \"id\": \"550e8400-e29b-41d4-a716-446655440000\",\u001b[39m\n\u001b[31m+       \"id\": \"demo-1\",\u001b[39m\n\u001b[2m        \"images\": Array [],\u001b[22m\n\u001b[2m        \"mood\": \"happy\",\u001b[22m\n\u001b[2m        \"title\": \"My First Entry\",\u001b[22m\n\u001b[2m        \"updated_at\": \"2024-12-01T10:00:00Z\",\u001b[22m\n\u001b[2m      },\u001b[22m\n\u001b[2m      Object {\u001b[22m\n\u001b[32m-       \"content\": \"Feeling a bit down today...\",\u001b[39m\n\u001b[31m+       \"content\": \"Feeling a bit down today. Work was challenging and I didn't get as much done as I hoped. But I'm trying to stay positive and focus on tomorrow.\",\u001b[39m\n\u001b[2m        \"created_at\": \"2024-12-02T15:30:00Z\",\u001b[22m\n\u001b[2m        \"date\": \"2024-12-02\",\u001b[22m\n\u001b[32m-       \"id\": \"660e8400-e29b-41d4-a716-446655440001\",\u001b[39m\n\u001b[32m-       \"images\": Array [\u001b[39m\n\u001b[32m-         \"/static/uploads/reflection.jpg\",\u001b[39m\n\u001b[32m-       ],\u001b[39m\n\u001b[31m+       \"id\": \"demo-2\",\u001b[39m\n\u001b[31m+       \"images\": Array [],\u001b[39m\n\u001b[2m        \"mood\": \"sad\",\u001b[22m\n\u001b[2m        \"title\": \"Reflection Time\",\u001b[22m\n\u001b[2m        \"updated_at\": \"2024-12-02T15:30:00Z\",\u001b[22m\n\u001b[31m+     },\u001b[39m\n\u001b[31m+     Object {\u001b[39m\n\u001b[31m+       \"content\": \"My computer crashed three times today while working on an important project. Lost some progress and feeling really frustrated with technology right now.\",\u001b[39m\n\u001b[31m+       \"created_at\": \"2024-12-03T14:20:00Z\",\u001b[39m\n\u001b[31m+       \"date\": \"2024-12-03\",\u001b[39m\n\u001b[31m+       \"id\": \"demo-3\",\u001b[39m\n\u001b[31m+       \"images\": Array [],\u001b[39m\n\u001b[31m+       \"mood\": \"angry\",\u001b[39m\n\u001b[31m+       \"title\": \"Frustrated with Technology\",\u001b[39m\n\u001b[31m+       \"updated_at\": \"2024-12-03T14:20:00Z\",\u001b[39m\n\u001b[31m+     },\u001b[39m\n\u001b[31m+     Object {\u001b[39m\n\u001b[31m+       \"content\": \"Spent the evening reading a good book and listening to calming music. The sunset was beautiful and I feel really at peace right now.\",\u001b[39m\n\u001b[31m+       \"created_at\": \"2024-12-04T19:45:00Z\",\u001b[39m\n\u001b[31m+       \"date\": \"2024-12-04\",\u001b[39m\n\u001b[31m+       \"id\": \"demo-4\",\u001b[39m\n\u001b[31m+       \"images\": Array [],\u001b[39m\n\u001b[31m+       \"mood\": \"calm\",\u001b[39m\n\u001b[31m+       \"title\": \"Peaceful Evening\",\u001b[39m\n\u001b[31m+       \"updated_at\": \"2024-12-04T19:45:00Z\",\u001b[39m\n\u001b[31m+     },\u001b[39m\n\u001b[31m+     Object {\u001b[39m\n\u001b[31m+       \"content\": \"I got the job offer I've been waiting for! This is exactly what I wanted and I'm so excited to start this new chapter in my career.\",\u001b[39m\n\u001b[31m+       \"created_at\": \"2024-12-05T11:15:00Z\",\u001b[39m\n\u001b[31m+       \"date\": \"2024-12-05\",\u001b[39m\n\u001b[31m+       \"id\": \"demo-5\",\u001b[39m\n\u001b[31m+       \"images\": Array [],\u001b[39m\n\u001b[31m+       \"mood\": \"excited\",\u001b[39m\n\u001b[31m+       \"title\": \"Big News!\",\u001b[39m\n\u001b[31m+       \"updated_at\": \"2024-12-05T11:15:00Z\",\u001b[39m\n\u001b[31m+     },\u001b[39m\n\u001b[31m+     Object {\u001b[39m\n\u001b[31m+       \"content\": \"Planning a fun weekend with friends. We're going hiking and then having a barbecue. I'm really looking forward to spending time outdoors.\",\u001b[39m\n\u001b[31m+       \"created_at\": \"2024-12-06T09:30:00Z\",\u001b[39m\n\u001b[31m+       \"date\": \"2024-12-06\",\u001b[39m\n\u001b[31m+       \"id\": \"demo-6\",\u001b[39m\n\u001b[31m+       \"images\": Array [],\u001b[39m\n\u001b[31m+       \"mood\": \"happy\",\u001b[39m\n\u001b[31m+       \"title\": \"Weekend Plans\",\u001b[39m\n\u001b[31m+       \"updated_at\": \"2024-12-06T09:30:00Z\",\u001b[39m\n\u001b[31m+     },\u001b[39m\n\u001b[31m+     Object {\u001b[39m\n\u001b[31m+       \"content\": \"Started learning a new programming language today. It's challenging but exciting. I love the feeling of expanding my skills.\",\u001b[39m\n\u001b[31m+       \"created_at\": \"2024-12-07T16:00:00Z\",\u001b[39m\n\u001b[31m+       \"date\": \"2024-12-07\",\u001b[39m\n\u001b[31m+       \"id\": \"demo-7\",\u001b[39m\n\u001b[31m+       \"images\": Array [],\u001b[39m\n\u001b[31m+       \"mood\": \"excited\",\u001b[39m\n\u001b[31m+       \"title\": \"Learning Something New\",\u001b[39m\n\u001b[31m+       \"updated_at\": \"2024-12-07T16:00:00Z\",\u001b[39m\n\u001b[31m+     },\u001b[39m\n\u001b[31m+     Object {\u001b[39m\n\u001b[31m+       \"content\": \"Feeling homesick today. It's been a while since I've seen my family. Planning to call them this weekend and maybe plan a visit soon.\",\u001b[39m\n\u001b[31m+       \"created_at\": \"2024-12-08T20:10:00Z\",\u001b[39m\n\u001b[31m+       \"date\": \"2024-12-08\",\u001b[39m\n\u001b[31m+       \"id\": \"demo-8\",\u001b[39m\n\u001b[31m+       \"images\": Array [],\u001b[39m\n\u001b[31m+       \"mood\": \"sad\",\u001b[39m\n\u001b[31m+       \"title\": \"Missing Home\",\u001b[39m\n\u001b[31m+       \"updated_at\": \"2024-12-08T20:10:00Z\",\u001b[39m\n\u001b[2m      },\u001b[22m\n\u001b[31m+     Object {\u001b[39m\n\u001b[31m+       \"content\": \"Had a great meditation session this morning. I'm trying to make it a daily habit. It really helps me start the day with a clear mind.\",\u001b[39m\n\u001b[31m+       \"created_at\": \"2024-12-09T07:00:00Z\",\u001b[39m\n\u001b[31m+       \"date\": \"2024-12-09\",\u001b[39m\n\u001b[31m+       \"id\": \"demo-9\",\u001b[39m\n\u001b[31m+       \"images\": Array [],\u001b[39m\n\u001b[31m+       \"mood\": \"calm\",\u001b[39m\n\u001b[31m+       \"title\": \"Meditation Session\",\u001b[39m\n\u001b[31m+       \"updated_at\": \"2024-12-09T07:00:00Z\",\u001b[39m\n\u001b[31m+     },\u001b[39m\n\u001b[31m+     Object {\u001b[39m\n\u001b[31m+       \"content\": \"Stuck in traffic for over an hour today. People were driving so recklessly and I was late for an important meeting. Completely ruined my mood.\",\u001b[39m\n\u001b[31m+       \"created_at\": \"2024-12-10T08:45:00Z\",\u001b[39m\n\u001b[31m+       \"date\": \"2024-12-10\",\u001b[39m\n\u001b[31m+       \"id\": \"demo-10\",\u001b[39m\n\u001b[31m+       \"images\": Array [],\u001b[39m\n\u001b[31m+       \"mood\": \"angry\",\u001b[39m\n\u001b[31m+       \"title\": \"Traffic Rage\",\u001b[39m\n\u001b[31m+       \"updated_at\": \"2024-12-10T08:45:00Z\",\u001b[39m\n\u001b[31m+     },\u001b[39m\n\u001b[2m    ],\u001b[22m\n\u001b[2m    \"meta\": Object {\u001b[22m\n\u001b[32m-     \"limit\": 20,\u001b[39m\n\u001b[31m+     \"limit\": 10,\u001b[39m\n\u001b[2m      \"page\": 1,\u001b[22m\n\u001b[2m      \"pages\": 1,\u001b[22m\n\u001b[32m-     \"total\": 2,\u001b[39m\n\u001b[31m+     \"total\": 10,\u001b[39m\n\u001b[2m    },\u001b[22m\n\u001b[2m  }\u001b[22m\n    at Object.<anonymous> (E:\\Dev\\superapp\\frontend\\app\\diary\\atoms\\api.test.ts:76:22)\n    at processTicksAndRejections (node:internal/process/task_queues:105:5)"],"fullName":"diaryApi getDiaryEntries should return all entries when no filters are applied","invocations":1,"location":null,"numPassingAsserts":0,"retryReasons":[],"startAt":1752779221933,"status":"failed","title":"should return all entries when no filters are applied"},{"ancestorTitles":["diaryApi","getDiaryEntries"],"duration":3,"failing":false,"failureDetails":[{"matcherResult":{"actual":{"entries":[{"id":"demo-1","title":"My First Entry","content":"Today was a great day! I started my new project and everything went smoothly. The team was supportive and I feel really motivated about what we're building.","mood":"happy","date":"2024-12-01","images":[],"created_at":"2024-12-01T10:00:00Z","updated_at":"2024-12-01T10:00:00Z"},{"id":"demo-9","title":"Meditation Session","content":"Had a great meditation session this morning. I'm trying to make it a daily habit. It really helps me start the day with a clear mind.","mood":"calm","date":"2024-12-09","images":[],"created_at":"2024-12-09T07:00:00Z","updated_at":"2024-12-09T07:00:00Z"}],"meta":{"total":2,"page":1,"limit":10,"pages":1}},"expected":{"entries":[{"id":"550e8400-e29b-41d4-a716-446655440000","title":"My First Entry","content":"Today was a great day...","mood":"happy","date":"2024-12-01","images":[],"created_at":"2024-12-01T10:00:00Z","updated_at":"2024-12-01T10:00:00Z"}],"meta":{"total":1,"page":1,"limit":20,"pages":1}},"message":"\u001b[2mexpect(\u001b[22m\u001b[31mreceived\u001b[39m\u001b[2m).\u001b[22mtoEqual\u001b[2m(\u001b[22m\u001b[32mexpected\u001b[39m\u001b[2m) // deep equality\u001b[22m\n\n\u001b[32m- Expected  -  4\u001b[39m\n\u001b[31m+ Received  + 14\u001b[39m\n\n\u001b[2m  Object {\u001b[22m\n\u001b[2m    \"entries\": Array [\u001b[22m\n\u001b[2m      Object {\u001b[22m\n\u001b[32m-       \"content\": \"Today was a great day...\",\u001b[39m\n\u001b[31m+       \"content\": \"Today was a great day! I started my new project and everything went smoothly. The team was supportive and I feel really motivated about what we're building.\",\u001b[39m\n\u001b[2m        \"created_at\": \"2024-12-01T10:00:00Z\",\u001b[22m\n\u001b[2m        \"date\": \"2024-12-01\",\u001b[22m\n\u001b[32m-       \"id\": \"550e8400-e29b-41d4-a716-446655440000\",\u001b[39m\n\u001b[31m+       \"id\": \"demo-1\",\u001b[39m\n\u001b[2m        \"images\": Array [],\u001b[22m\n\u001b[2m        \"mood\": \"happy\",\u001b[22m\n\u001b[2m        \"title\": \"My First Entry\",\u001b[22m\n\u001b[2m        \"updated_at\": \"2024-12-01T10:00:00Z\",\u001b[22m\n\u001b[31m+     },\u001b[39m\n\u001b[31m+     Object {\u001b[39m\n\u001b[31m+       \"content\": \"Had a great meditation session this morning. I'm trying to make it a daily habit. It really helps me start the day with a clear mind.\",\u001b[39m\n\u001b[31m+       \"created_at\": \"2024-12-09T07:00:00Z\",\u001b[39m\n\u001b[31m+       \"date\": \"2024-12-09\",\u001b[39m\n\u001b[31m+       \"id\": \"demo-9\",\u001b[39m\n\u001b[31m+       \"images\": Array [],\u001b[39m\n\u001b[31m+       \"mood\": \"calm\",\u001b[39m\n\u001b[31m+       \"title\": \"Meditation Session\",\u001b[39m\n\u001b[31m+       \"updated_at\": \"2024-12-09T07:00:00Z\",\u001b[39m\n\u001b[2m      },\u001b[22m\n\u001b[2m    ],\u001b[22m\n\u001b[2m    \"meta\": Object {\u001b[22m\n\u001b[32m-     \"limit\": 20,\u001b[39m\n\u001b[31m+     \"limit\": 10,\u001b[39m\n\u001b[2m      \"page\": 1,\u001b[22m\n\u001b[2m      \"pages\": 1,\u001b[22m\n\u001b[32m-     \"total\": 1,\u001b[39m\n\u001b[31m+     \"total\": 2,\u001b[39m\n\u001b[2m    },\u001b[22m\n\u001b[2m  }\u001b[22m","name":"toEqual","pass":false}}],"failureMessages":["Error: \u001b[2mexpect(\u001b[22m\u001b[31mreceived\u001b[39m\u001b[2m).\u001b[22mtoEqual\u001b[2m(\u001b[22m\u001b[32mexpected\u001b[39m\u001b[2m) // deep equality\u001b[22m\n\n\u001b[32m- Expected  -  4\u001b[39m\n\u001b[31m+ Received  + 14\u001b[39m\n\n\u001b[2m  Object {\u001b[22m\n\u001b[2m    \"entries\": Array [\u001b[22m\n\u001b[2m      Object {\u001b[22m\n\u001b[32m-       \"content\": \"Today was a great day...\",\u001b[39m\n\u001b[31m+       \"content\": \"Today was a great day! I started my new project and everything went smoothly. The team was supportive and I feel really motivated about what we're building.\",\u001b[39m\n\u001b[2m        \"created_at\": \"2024-12-01T10:00:00Z\",\u001b[22m\n\u001b[2m        \"date\": \"2024-12-01\",\u001b[22m\n\u001b[32m-       \"id\": \"550e8400-e29b-41d4-a716-446655440000\",\u001b[39m\n\u001b[31m+       \"id\": \"demo-1\",\u001b[39m\n\u001b[2m        \"images\": Array [],\u001b[22m\n\u001b[2m        \"mood\": \"happy\",\u001b[22m\n\u001b[2m        \"title\": \"My First Entry\",\u001b[22m\n\u001b[2m        \"updated_at\": \"2024-12-01T10:00:00Z\",\u001b[22m\n\u001b[31m+     },\u001b[39m\n\u001b[31m+     Object {\u001b[39m\n\u001b[31m+       \"content\": \"Had a great meditation session this morning. I'm trying to make it a daily habit. It really helps me start the day with a clear mind.\",\u001b[39m\n\u001b[31m+       \"created_at\": \"2024-12-09T07:00:00Z\",\u001b[39m\n\u001b[31m+       \"date\": \"2024-12-09\",\u001b[39m\n\u001b[31m+       \"id\": \"demo-9\",\u001b[39m\n\u001b[31m+       \"images\": Array [],\u001b[39m\n\u001b[31m+       \"mood\": \"calm\",\u001b[39m\n\u001b[31m+       \"title\": \"Meditation Session\",\u001b[39m\n\u001b[31m+       \"updated_at\": \"2024-12-09T07:00:00Z\",\u001b[39m\n\u001b[2m      },\u001b[22m\n\u001b[2m    ],\u001b[22m\n\u001b[2m    \"meta\": Object {\u001b[22m\n\u001b[32m-     \"limit\": 20,\u001b[39m\n\u001b[31m+     \"limit\": 10,\u001b[39m\n\u001b[2m      \"page\": 1,\u001b[22m\n\u001b[2m      \"pages\": 1,\u001b[22m\n\u001b[32m-     \"total\": 1,\u001b[39m\n\u001b[31m+     \"total\": 2,\u001b[39m\n\u001b[2m    },\u001b[22m\n\u001b[2m  }\u001b[22m\n    at Object.<anonymous> (E:\\Dev\\superapp\\frontend\\app\\diary\\atoms\\api.test.ts:88:22)\n    at processTicksAndRejections (node:internal/process/task_queues:105:5)"],"fullName":"diaryApi getDiaryEntries should filter entries by search term","invocations":1,"location":null,"numPassingAsserts":0,"retryReasons":[],"startAt":1752779221940,"status":"failed","title":"should filter entries by search term"},{"ancestorTitles":["diaryApi","getDiaryEntries"],"duration":3,"failing":false,"failureDetails":[{"matcherResult":{"actual":{"entries":[{"id":"demo-1","title":"My First Entry","content":"Today was a great day! I started my new project and everything went smoothly. The team was supportive and I feel really motivated about what we're building.","mood":"happy","date":"2024-12-01","images":[],"created_at":"2024-12-01T10:00:00Z","updated_at":"2024-12-01T10:00:00Z"},{"id":"demo-6","title":"Weekend Plans","content":"Planning a fun weekend with friends. We're going hiking and then having a barbecue. I'm really looking forward to spending time outdoors.","mood":"happy","date":"2024-12-06","images":[],"created_at":"2024-12-06T09:30:00Z","updated_at":"2024-12-06T09:30:00Z"}],"meta":{"total":2,"page":1,"limit":10,"pages":1}},"expected":{"entries":[{"id":"550e8400-e29b-41d4-a716-446655440000","title":"My First Entry","content":"Today was a great day...","mood":"happy","date":"2024-12-01","images":[],"created_at":"2024-12-01T10:00:00Z","updated_at":"2024-12-01T10:00:00Z"}],"meta":{"total":1,"page":1,"limit":20,"pages":1}},"message":"\u001b[2mexpect(\u001b[22m\u001b[31mreceived\u001b[39m\u001b[2m).\u001b[22mtoEqual\u001b[2m(\u001b[22m\u001b[32mexpected\u001b[39m\u001b[2m) // deep equality\u001b[22m\n\n\u001b[32m- Expected  -  4\u001b[39m\n\u001b[31m+ Received  + 14\u001b[39m\n\n\u001b[2m  Object {\u001b[22m\n\u001b[2m    \"entries\": Array [\u001b[22m\n\u001b[2m      Object {\u001b[22m\n\u001b[32m-       \"content\": \"Today was a great day...\",\u001b[39m\n\u001b[31m+       \"content\": \"Today was a great day! I started my new project and everything went smoothly. The team was supportive and I feel really motivated about what we're building.\",\u001b[39m\n\u001b[2m        \"created_at\": \"2024-12-01T10:00:00Z\",\u001b[22m\n\u001b[2m        \"date\": \"2024-12-01\",\u001b[22m\n\u001b[32m-       \"id\": \"550e8400-e29b-41d4-a716-446655440000\",\u001b[39m\n\u001b[31m+       \"id\": \"demo-1\",\u001b[39m\n\u001b[2m        \"images\": Array [],\u001b[22m\n\u001b[2m        \"mood\": \"happy\",\u001b[22m\n\u001b[2m        \"title\": \"My First Entry\",\u001b[22m\n\u001b[2m        \"updated_at\": \"2024-12-01T10:00:00Z\",\u001b[22m\n\u001b[31m+     },\u001b[39m\n\u001b[31m+     Object {\u001b[39m\n\u001b[31m+       \"content\": \"Planning a fun weekend with friends. We're going hiking and then having a barbecue. I'm really looking forward to spending time outdoors.\",\u001b[39m\n\u001b[31m+       \"created_at\": \"2024-12-06T09:30:00Z\",\u001b[39m\n\u001b[31m+       \"date\": \"2024-12-06\",\u001b[39m\n\u001b[31m+       \"id\": \"demo-6\",\u001b[39m\n\u001b[31m+       \"images\": Array [],\u001b[39m\n\u001b[31m+       \"mood\": \"happy\",\u001b[39m\n\u001b[31m+       \"title\": \"Weekend Plans\",\u001b[39m\n\u001b[31m+       \"updated_at\": \"2024-12-06T09:30:00Z\",\u001b[39m\n\u001b[2m      },\u001b[22m\n\u001b[2m    ],\u001b[22m\n\u001b[2m    \"meta\": Object {\u001b[22m\n\u001b[32m-     \"limit\": 20,\u001b[39m\n\u001b[31m+     \"limit\": 10,\u001b[39m\n\u001b[2m      \"page\": 1,\u001b[22m\n\u001b[2m      \"pages\": 1,\u001b[22m\n\u001b[32m-     \"total\": 1,\u001b[39m\n\u001b[31m+     \"total\": 2,\u001b[39m\n\u001b[2m    },\u001b[22m\n\u001b[2m  }\u001b[22m","name":"toEqual","pass":false}}],"failureMessages":["Error: \u001b[2mexpect(\u001b[22m\u001b[31mreceived\u001b[39m\u001b[2m).\u001b[22mtoEqual\u001b[2m(\u001b[22m\u001b[32mexpected\u001b[39m\u001b[2m) // deep equality\u001b[22m\n\n\u001b[32m- Expected  -  4\u001b[39m\n\u001b[31m+ Received  + 14\u001b[39m\n\n\u001b[2m  Object {\u001b[22m\n\u001b[2m    \"entries\": Array [\u001b[22m\n\u001b[2m      Object {\u001b[22m\n\u001b[32m-       \"content\": \"Today was a great day...\",\u001b[39m\n\u001b[31m+       \"content\": \"Today was a great day! I started my new project and everything went smoothly. The team was supportive and I feel really motivated about what we're building.\",\u001b[39m\n\u001b[2m        \"created_at\": \"2024-12-01T10:00:00Z\",\u001b[22m\n\u001b[2m        \"date\": \"2024-12-01\",\u001b[22m\n\u001b[32m-       \"id\": \"550e8400-e29b-41d4-a716-446655440000\",\u001b[39m\n\u001b[31m+       \"id\": \"demo-1\",\u001b[39m\n\u001b[2m        \"images\": Array [],\u001b[22m\n\u001b[2m        \"mood\": \"happy\",\u001b[22m\n\u001b[2m        \"title\": \"My First Entry\",\u001b[22m\n\u001b[2m        \"updated_at\": \"2024-12-01T10:00:00Z\",\u001b[22m\n\u001b[31m+     },\u001b[39m\n\u001b[31m+     Object {\u001b[39m\n\u001b[31m+       \"content\": \"Planning a fun weekend with friends. We're going hiking and then having a barbecue. I'm really looking forward to spending time outdoors.\",\u001b[39m\n\u001b[31m+       \"created_at\": \"2024-12-06T09:30:00Z\",\u001b[39m\n\u001b[31m+       \"date\": \"2024-12-06\",\u001b[39m\n\u001b[31m+       \"id\": \"demo-6\",\u001b[39m\n\u001b[31m+       \"images\": Array [],\u001b[39m\n\u001b[31m+       \"mood\": \"happy\",\u001b[39m\n\u001b[31m+       \"title\": \"Weekend Plans\",\u001b[39m\n\u001b[31m+       \"updated_at\": \"2024-12-06T09:30:00Z\",\u001b[39m\n\u001b[2m      },\u001b[22m\n\u001b[2m    ],\u001b[22m\n\u001b[2m    \"meta\": Object {\u001b[22m\n\u001b[32m-     \"limit\": 20,\u001b[39m\n\u001b[31m+     \"limit\": 10,\u001b[39m\n\u001b[2m      \"page\": 1,\u001b[22m\n\u001b[2m      \"pages\": 1,\u001b[22m\n\u001b[32m-     \"total\": 1,\u001b[39m\n\u001b[31m+     \"total\": 2,\u001b[39m\n\u001b[2m    },\u001b[22m\n\u001b[2m  }\u001b[22m\n    at Object.<anonymous> (E:\\Dev\\superapp\\frontend\\app\\diary\\atoms\\api.test.ts:100:22)\n    at processTicksAndRejections (node:internal/process/task_queues:105:5)"],"fullName":"diaryApi getDiaryEntries should filter entries by mood","invocations":1,"location":null,"numPassingAsserts":0,"retryReasons":[],"startAt":1752779221943,"status":"failed","title":"should filter entries by mood"},{"ancestorTitles":["diaryApi","getDiaryEntries"],"duration":2,"failing":false,"failureDetails":[{"matcherResult":{"actual":{"entries":[{"id":"demo-1","title":"My First Entry","content":"Today was a great day! I started my new project and everything went smoothly. The team was supportive and I feel really motivated about what we're building.","mood":"happy","date":"2024-12-01","images":[],"created_at":"2024-12-01T10:00:00Z","updated_at":"2024-12-01T10:00:00Z"}],"meta":{"total":10,"page":1,"limit":1,"pages":10}},"expected":{"entries":[{"id":"550e8400-e29b-41d4-a716-446655440000","title":"My First Entry","content":"Today was a great day...","mood":"happy","date":"2024-12-01","images":[],"created_at":"2024-12-01T10:00:00Z","updated_at":"2024-12-01T10:00:00Z"}],"meta":{"total":2,"page":1,"limit":1,"pages":2}},"message":"\u001b[2mexpect(\u001b[22m\u001b[31mreceived\u001b[39m\u001b[2m).\u001b[22mtoEqual\u001b[2m(\u001b[22m\u001b[32mexpected\u001b[39m\u001b[2m) // deep equality\u001b[22m\n\n\u001b[32m- Expected  - 4\u001b[39m\n\u001b[31m+ Received  + 4\u001b[39m\n\n\u001b[2m  Object {\u001b[22m\n\u001b[2m    \"entries\": Array [\u001b[22m\n\u001b[2m      Object {\u001b[22m\n\u001b[32m-       \"content\": \"Today was a great day...\",\u001b[39m\n\u001b[31m+       \"content\": \"Today was a great day! I started my new project and everything went smoothly. The team was supportive and I feel really motivated about what we're building.\",\u001b[39m\n\u001b[2m        \"created_at\": \"2024-12-01T10:00:00Z\",\u001b[22m\n\u001b[2m        \"date\": \"2024-12-01\",\u001b[22m\n\u001b[32m-       \"id\": \"550e8400-e29b-41d4-a716-446655440000\",\u001b[39m\n\u001b[31m+       \"id\": \"demo-1\",\u001b[39m\n\u001b[2m        \"images\": Array [],\u001b[22m\n\u001b[2m        \"mood\": \"happy\",\u001b[22m\n\u001b[2m        \"title\": \"My First Entry\",\u001b[22m\n\u001b[2m        \"updated_at\": \"2024-12-01T10:00:00Z\",\u001b[22m\n\u001b[2m      },\u001b[22m\n\u001b[2m    ],\u001b[22m\n\u001b[2m    \"meta\": Object {\u001b[22m\n\u001b[2m      \"limit\": 1,\u001b[22m\n\u001b[2m      \"page\": 1,\u001b[22m\n\u001b[32m-     \"pages\": 2,\u001b[39m\n\u001b[32m-     \"total\": 2,\u001b[39m\n\u001b[31m+     \"pages\": 10,\u001b[39m\n\u001b[31m+     \"total\": 10,\u001b[39m\n\u001b[2m    },\u001b[22m\n\u001b[2m  }\u001b[22m","name":"toEqual","pass":false}}],"failureMessages":["Error: \u001b[2mexpect(\u001b[22m\u001b[31mreceived\u001b[39m\u001b[2m).\u001b[22mtoEqual\u001b[2m(\u001b[22m\u001b[32mexpected\u001b[39m\u001b[2m) // deep equality\u001b[22m\n\n\u001b[32m- Expected  - 4\u001b[39m\n\u001b[31m+ Received  + 4\u001b[39m\n\n\u001b[2m  Object {\u001b[22m\n\u001b[2m    \"entries\": Array [\u001b[22m\n\u001b[2m      Object {\u001b[22m\n\u001b[32m-       \"content\": \"Today was a great day...\",\u001b[39m\n\u001b[31m+       \"content\": \"Today was a great day! I started my new project and everything went smoothly. The team was supportive and I feel really motivated about what we're building.\",\u001b[39m\n\u001b[2m        \"created_at\": \"2024-12-01T10:00:00Z\",\u001b[22m\n\u001b[2m        \"date\": \"2024-12-01\",\u001b[22m\n\u001b[32m-       \"id\": \"550e8400-e29b-41d4-a716-446655440000\",\u001b[39m\n\u001b[31m+       \"id\": \"demo-1\",\u001b[39m\n\u001b[2m        \"images\": Array [],\u001b[22m\n\u001b[2m        \"mood\": \"happy\",\u001b[22m\n\u001b[2m        \"title\": \"My First Entry\",\u001b[22m\n\u001b[2m        \"updated_at\": \"2024-12-01T10:00:00Z\",\u001b[22m\n\u001b[2m      },\u001b[22m\n\u001b[2m    ],\u001b[22m\n\u001b[2m    \"meta\": Object {\u001b[22m\n\u001b[2m      \"limit\": 1,\u001b[22m\n\u001b[2m      \"page\": 1,\u001b[22m\n\u001b[32m-     \"pages\": 2,\u001b[39m\n\u001b[32m-     \"total\": 2,\u001b[39m\n\u001b[31m+     \"pages\": 10,\u001b[39m\n\u001b[31m+     \"total\": 10,\u001b[39m\n\u001b[2m    },\u001b[22m\n\u001b[2m  }\u001b[22m\n    at Object.<anonymous> (E:\\Dev\\superapp\\frontend\\app\\diary\\atoms\\api.test.ts:112:22)\n    at processTicksAndRejections (node:internal/process/task_queues:105:5)"],"fullName":"diaryApi getDiaryEntries should apply pagination correctly","invocations":1,"location":null,"numPassingAsserts":0,"retryReasons":[],"startAt":1752779221946,"status":"failed","title":"should apply pagination correctly"},{"ancestorTitles":["diaryApi","getDiaryEntries"],"duration":3,"failing":false,"failureDetails":[{"matcherResult":{"actual":{"entries":[{"id":"demo-1","title":"My First Entry","content":"Today was a great day! I started my new project and everything went smoothly. The team was supportive and I feel really motivated about what we're building.","mood":"happy","date":"2024-12-01","images":[],"created_at":"2024-12-01T10:00:00Z","updated_at":"2024-12-01T10:00:00Z"},{"id":"demo-2","title":"Reflection Time","content":"Feeling a bit down today. Work was challenging and I didn't get as much done as I hoped. But I'm trying to stay positive and focus on tomorrow.","mood":"sad","date":"2024-12-02","images":[],"created_at":"2024-12-02T15:30:00Z","updated_at":"2024-12-02T15:30:00Z"},{"id":"demo-3","title":"Frustrated with Technology","content":"My computer crashed three times today while working on an important project. Lost some progress and feeling really frustrated with technology right now.","mood":"angry","date":"2024-12-03","images":[],"created_at":"2024-12-03T14:20:00Z","updated_at":"2024-12-03T14:20:00Z"},{"id":"demo-4","title":"Peaceful Evening","content":"Spent the evening reading a good book and listening to calming music. The sunset was beautiful and I feel really at peace right now.","mood":"calm","date":"2024-12-04","images":[],"created_at":"2024-12-04T19:45:00Z","updated_at":"2024-12-04T19:45:00Z"},{"id":"demo-5","title":"Big News!","content":"I got the job offer I've been waiting for! This is exactly what I wanted and I'm so excited to start this new chapter in my career.","mood":"excited","date":"2024-12-05","images":[],"created_at":"2024-12-05T11:15:00Z","updated_at":"2024-12-05T11:15:00Z"},{"id":"demo-6","title":"Weekend Plans","content":"Planning a fun weekend with friends. We're going hiking and then having a barbecue. I'm really looking forward to spending time outdoors.","mood":"happy","date":"2024-12-06","images":[],"created_at":"2024-12-06T09:30:00Z","updated_at":"2024-12-06T09:30:00Z"},{"id":"demo-7","title":"Learning Something New","content":"Started learning a new programming language today. It's challenging but exciting. I love the feeling of expanding my skills.","mood":"excited","date":"2024-12-07","images":[],"created_at":"2024-12-07T16:00:00Z","updated_at":"2024-12-07T16:00:00Z"},{"id":"demo-8","title":"Missing Home","content":"Feeling homesick today. It's been a while since I've seen my family. Planning to call them this weekend and maybe plan a visit soon.","mood":"sad","date":"2024-12-08","images":[],"created_at":"2024-12-08T20:10:00Z","updated_at":"2024-12-08T20:10:00Z"},{"id":"demo-9","title":"Meditation Session","content":"Had a great meditation session this morning. I'm trying to make it a daily habit. It really helps me start the day with a clear mind.","mood":"calm","date":"2024-12-09","images":[],"created_at":"2024-12-09T07:00:00Z","updated_at":"2024-12-09T07:00:00Z"},{"id":"demo-10","title":"Traffic Rage","content":"Stuck in traffic for over an hour today. People were driving so recklessly and I was late for an important meeting. Completely ruined my mood.","mood":"angry","date":"2024-12-10","images":[],"created_at":"2024-12-10T08:45:00Z","updated_at":"2024-12-10T08:45:00Z"}],"meta":{"total":10,"page":1,"limit":150,"pages":1}},"expected":{"entries":[{"id":"550e8400-e29b-41d4-a716-446655440000","title":"My First Entry","content":"Today was a great day...","mood":"happy","date":"2024-12-01","images":[],"created_at":"2024-12-01T10:00:00Z","updated_at":"2024-12-01T10:00:00Z"},{"id":"660e8400-e29b-41d4-a716-446655440001","title":"Reflection Time","content":"Feeling a bit down today...","mood":"sad","date":"2024-12-02","images":["/static/uploads/reflection.jpg"],"created_at":"2024-12-02T15:30:00Z","updated_at":"2024-12-02T15:30:00Z"}],"meta":{"total":2,"page":1,"limit":100,"pages":1}},"message":"\u001b[2mexpect(\u001b[22m\u001b[31mreceived\u001b[39m\u001b[2m).\u001b[22mtoEqual\u001b[2m(\u001b[22m\u001b[32mexpected\u001b[39m\u001b[2m) // deep equality\u001b[22m\n\n\u001b[32m- Expected  -  9\u001b[39m\n\u001b[31m+ Received  + 87\u001b[39m\n\n\u001b[2m  Object {\u001b[22m\n\u001b[2m    \"entries\": Array [\u001b[22m\n\u001b[2m      Object {\u001b[22m\n\u001b[32m-       \"content\": \"Today was a great day...\",\u001b[39m\n\u001b[31m+       \"content\": \"Today was a great day! I started my new project and everything went smoothly. The team was supportive and I feel really motivated about what we're building.\",\u001b[39m\n\u001b[2m        \"created_at\": \"2024-12-01T10:00:00Z\",\u001b[22m\n\u001b[2m        \"date\": \"2024-12-01\",\u001b[22m\n\u001b[32m-       \"id\": \"550e8400-e29b-41d4-a716-446655440000\",\u001b[39m\n\u001b[31m+       \"id\": \"demo-1\",\u001b[39m\n\u001b[2m        \"images\": Array [],\u001b[22m\n\u001b[2m        \"mood\": \"happy\",\u001b[22m\n\u001b[2m        \"title\": \"My First Entry\",\u001b[22m\n\u001b[2m        \"updated_at\": \"2024-12-01T10:00:00Z\",\u001b[22m\n\u001b[2m      },\u001b[22m\n\u001b[2m      Object {\u001b[22m\n\u001b[32m-       \"content\": \"Feeling a bit down today...\",\u001b[39m\n\u001b[31m+       \"content\": \"Feeling a bit down today. Work was challenging and I didn't get as much done as I hoped. But I'm trying to stay positive and focus on tomorrow.\",\u001b[39m\n\u001b[2m        \"created_at\": \"2024-12-02T15:30:00Z\",\u001b[22m\n\u001b[2m        \"date\": \"2024-12-02\",\u001b[22m\n\u001b[32m-       \"id\": \"660e8400-e29b-41d4-a716-446655440001\",\u001b[39m\n\u001b[32m-       \"images\": Array [\u001b[39m\n\u001b[32m-         \"/static/uploads/reflection.jpg\",\u001b[39m\n\u001b[32m-       ],\u001b[39m\n\u001b[31m+       \"id\": \"demo-2\",\u001b[39m\n\u001b[31m+       \"images\": Array [],\u001b[39m\n\u001b[2m        \"mood\": \"sad\",\u001b[22m\n\u001b[2m        \"title\": \"Reflection Time\",\u001b[22m\n\u001b[2m        \"updated_at\": \"2024-12-02T15:30:00Z\",\u001b[22m\n\u001b[31m+     },\u001b[39m\n\u001b[31m+     Object {\u001b[39m\n\u001b[31m+       \"content\": \"My computer crashed three times today while working on an important project. Lost some progress and feeling really frustrated with technology right now.\",\u001b[39m\n\u001b[31m+       \"created_at\": \"2024-12-03T14:20:00Z\",\u001b[39m\n\u001b[31m+       \"date\": \"2024-12-03\",\u001b[39m\n\u001b[31m+       \"id\": \"demo-3\",\u001b[39m\n\u001b[31m+       \"images\": Array [],\u001b[39m\n\u001b[31m+       \"mood\": \"angry\",\u001b[39m\n\u001b[31m+       \"title\": \"Frustrated with Technology\",\u001b[39m\n\u001b[31m+       \"updated_at\": \"2024-12-03T14:20:00Z\",\u001b[39m\n\u001b[31m+     },\u001b[39m\n\u001b[31m+     Object {\u001b[39m\n\u001b[31m+       \"content\": \"Spent the evening reading a good book and listening to calming music. The sunset was beautiful and I feel really at peace right now.\",\u001b[39m\n\u001b[31m+       \"created_at\": \"2024-12-04T19:45:00Z\",\u001b[39m\n\u001b[31m+       \"date\": \"2024-12-04\",\u001b[39m\n\u001b[31m+       \"id\": \"demo-4\",\u001b[39m\n\u001b[31m+       \"images\": Array [],\u001b[39m\n\u001b[31m+       \"mood\": \"calm\",\u001b[39m\n\u001b[31m+       \"title\": \"Peaceful Evening\",\u001b[39m\n\u001b[31m+       \"updated_at\": \"2024-12-04T19:45:00Z\",\u001b[39m\n\u001b[31m+     },\u001b[39m\n\u001b[31m+     Object {\u001b[39m\n\u001b[31m+       \"content\": \"I got the job offer I've been waiting for! This is exactly what I wanted and I'm so excited to start this new chapter in my career.\",\u001b[39m\n\u001b[31m+       \"created_at\": \"2024-12-05T11:15:00Z\",\u001b[39m\n\u001b[31m+       \"date\": \"2024-12-05\",\u001b[39m\n\u001b[31m+       \"id\": \"demo-5\",\u001b[39m\n\u001b[31m+       \"images\": Array [],\u001b[39m\n\u001b[31m+       \"mood\": \"excited\",\u001b[39m\n\u001b[31m+       \"title\": \"Big News!\",\u001b[39m\n\u001b[31m+       \"updated_at\": \"2024-12-05T11:15:00Z\",\u001b[39m\n\u001b[31m+     },\u001b[39m\n\u001b[31m+     Object {\u001b[39m\n\u001b[31m+       \"content\": \"Planning a fun weekend with friends. We're going hiking and then having a barbecue. I'm really looking forward to spending time outdoors.\",\u001b[39m\n\u001b[31m+       \"created_at\": \"2024-12-06T09:30:00Z\",\u001b[39m\n\u001b[31m+       \"date\": \"2024-12-06\",\u001b[39m\n\u001b[31m+       \"id\": \"demo-6\",\u001b[39m\n\u001b[31m+       \"images\": Array [],\u001b[39m\n\u001b[31m+       \"mood\": \"happy\",\u001b[39m\n\u001b[31m+       \"title\": \"Weekend Plans\",\u001b[39m\n\u001b[31m+       \"updated_at\": \"2024-12-06T09:30:00Z\",\u001b[39m\n\u001b[31m+     },\u001b[39m\n\u001b[31m+     Object {\u001b[39m\n\u001b[31m+       \"content\": \"Started learning a new programming language today. It's challenging but exciting. I love the feeling of expanding my skills.\",\u001b[39m\n\u001b[31m+       \"created_at\": \"2024-12-07T16:00:00Z\",\u001b[39m\n\u001b[31m+       \"date\": \"2024-12-07\",\u001b[39m\n\u001b[31m+       \"id\": \"demo-7\",\u001b[39m\n\u001b[31m+       \"images\": Array [],\u001b[39m\n\u001b[31m+       \"mood\": \"excited\",\u001b[39m\n\u001b[31m+       \"title\": \"Learning Something New\",\u001b[39m\n\u001b[31m+       \"updated_at\": \"2024-12-07T16:00:00Z\",\u001b[39m\n\u001b[31m+     },\u001b[39m\n\u001b[31m+     Object {\u001b[39m\n\u001b[31m+       \"content\": \"Feeling homesick today. It's been a while since I've seen my family. Planning to call them this weekend and maybe plan a visit soon.\",\u001b[39m\n\u001b[31m+       \"created_at\": \"2024-12-08T20:10:00Z\",\u001b[39m\n\u001b[31m+       \"date\": \"2024-12-08\",\u001b[39m\n\u001b[31m+       \"id\": \"demo-8\",\u001b[39m\n\u001b[31m+       \"images\": Array [],\u001b[39m\n\u001b[31m+       \"mood\": \"sad\",\u001b[39m\n\u001b[31m+       \"title\": \"Missing Home\",\u001b[39m\n\u001b[31m+       \"updated_at\": \"2024-12-08T20:10:00Z\",\u001b[39m\n\u001b[2m      },\u001b[22m\n\u001b[31m+     Object {\u001b[39m\n\u001b[31m+       \"content\": \"Had a great meditation session this morning. I'm trying to make it a daily habit. It really helps me start the day with a clear mind.\",\u001b[39m\n\u001b[31m+       \"created_at\": \"2024-12-09T07:00:00Z\",\u001b[39m\n\u001b[31m+       \"date\": \"2024-12-09\",\u001b[39m\n\u001b[31m+       \"id\": \"demo-9\",\u001b[39m\n\u001b[31m+       \"images\": Array [],\u001b[39m\n\u001b[31m+       \"mood\": \"calm\",\u001b[39m\n\u001b[31m+       \"title\": \"Meditation Session\",\u001b[39m\n\u001b[31m+       \"updated_at\": \"2024-12-09T07:00:00Z\",\u001b[39m\n\u001b[31m+     },\u001b[39m\n\u001b[31m+     Object {\u001b[39m\n\u001b[31m+       \"content\": \"Stuck in traffic for over an hour today. People were driving so recklessly and I was late for an important meeting. Completely ruined my mood.\",\u001b[39m\n\u001b[31m+       \"created_at\": \"2024-12-10T08:45:00Z\",\u001b[39m\n\u001b[31m+       \"date\": \"2024-12-10\",\u001b[39m\n\u001b[31m+       \"id\": \"demo-10\",\u001b[39m\n\u001b[31m+       \"images\": Array [],\u001b[39m\n\u001b[31m+       \"mood\": \"angry\",\u001b[39m\n\u001b[31m+       \"title\": \"Traffic Rage\",\u001b[39m\n\u001b[31m+       \"updated_at\": \"2024-12-10T08:45:00Z\",\u001b[39m\n\u001b[31m+     },\u001b[39m\n\u001b[2m    ],\u001b[22m\n\u001b[2m    \"meta\": Object {\u001b[22m\n\u001b[32m-     \"limit\": 100,\u001b[39m\n\u001b[31m+     \"limit\": 150,\u001b[39m\n\u001b[2m      \"page\": 1,\u001b[22m\n\u001b[2m      \"pages\": 1,\u001b[22m\n\u001b[32m-     \"total\": 2,\u001b[39m\n\u001b[31m+     \"total\": 10,\u001b[39m\n\u001b[2m    },\u001b[22m\n\u001b[2m  }\u001b[22m","name":"toEqual","pass":false}}],"failureMessages":["Error: \u001b[2mexpect(\u001b[22m\u001b[31mreceived\u001b[39m\u001b[2m).\u001b[22mtoEqual\u001b[2m(\u001b[22m\u001b[32mexpected\u001b[39m\u001b[2m) // deep equality\u001b[22m\n\n\u001b[32m- Expected  -  9\u001b[39m\n\u001b[31m+ Received  + 87\u001b[39m\n\n\u001b[2m  Object {\u001b[22m\n\u001b[2m    \"entries\": Array [\u001b[22m\n\u001b[2m      Object {\u001b[22m\n\u001b[32m-       \"content\": \"Today was a great day...\",\u001b[39m\n\u001b[31m+       \"content\": \"Today was a great day! I started my new project and everything went smoothly. The team was supportive and I feel really motivated about what we're building.\",\u001b[39m\n\u001b[2m        \"created_at\": \"2024-12-01T10:00:00Z\",\u001b[22m\n\u001b[2m        \"date\": \"2024-12-01\",\u001b[22m\n\u001b[32m-       \"id\": \"550e8400-e29b-41d4-a716-446655440000\",\u001b[39m\n\u001b[31m+       \"id\": \"demo-1\",\u001b[39m\n\u001b[2m        \"images\": Array [],\u001b[22m\n\u001b[2m        \"mood\": \"happy\",\u001b[22m\n\u001b[2m        \"title\": \"My First Entry\",\u001b[22m\n\u001b[2m        \"updated_at\": \"2024-12-01T10:00:00Z\",\u001b[22m\n\u001b[2m      },\u001b[22m\n\u001b[2m      Object {\u001b[22m\n\u001b[32m-       \"content\": \"Feeling a bit down today...\",\u001b[39m\n\u001b[31m+       \"content\": \"Feeling a bit down today. Work was challenging and I didn't get as much done as I hoped. But I'm trying to stay positive and focus on tomorrow.\",\u001b[39m\n\u001b[2m        \"created_at\": \"2024-12-02T15:30:00Z\",\u001b[22m\n\u001b[2m        \"date\": \"2024-12-02\",\u001b[22m\n\u001b[32m-       \"id\": \"660e8400-e29b-41d4-a716-446655440001\",\u001b[39m\n\u001b[32m-       \"images\": Array [\u001b[39m\n\u001b[32m-         \"/static/uploads/reflection.jpg\",\u001b[39m\n\u001b[32m-       ],\u001b[39m\n\u001b[31m+       \"id\": \"demo-2\",\u001b[39m\n\u001b[31m+       \"images\": Array [],\u001b[39m\n\u001b[2m        \"mood\": \"sad\",\u001b[22m\n\u001b[2m        \"title\": \"Reflection Time\",\u001b[22m\n\u001b[2m        \"updated_at\": \"2024-12-02T15:30:00Z\",\u001b[22m\n\u001b[31m+     },\u001b[39m\n\u001b[31m+     Object {\u001b[39m\n\u001b[31m+       \"content\": \"My computer crashed three times today while working on an important project. Lost some progress and feeling really frustrated with technology right now.\",\u001b[39m\n\u001b[31m+       \"created_at\": \"2024-12-03T14:20:00Z\",\u001b[39m\n\u001b[31m+       \"date\": \"2024-12-03\",\u001b[39m\n\u001b[31m+       \"id\": \"demo-3\",\u001b[39m\n\u001b[31m+       \"images\": Array [],\u001b[39m\n\u001b[31m+       \"mood\": \"angry\",\u001b[39m\n\u001b[31m+       \"title\": \"Frustrated with Technology\",\u001b[39m\n\u001b[31m+       \"updated_at\": \"2024-12-03T14:20:00Z\",\u001b[39m\n\u001b[31m+     },\u001b[39m\n\u001b[31m+     Object {\u001b[39m\n\u001b[31m+       \"content\": \"Spent the evening reading a good book and listening to calming music. The sunset was beautiful and I feel really at peace right now.\",\u001b[39m\n\u001b[31m+       \"created_at\": \"2024-12-04T19:45:00Z\",\u001b[39m\n\u001b[31m+       \"date\": \"2024-12-04\",\u001b[39m\n\u001b[31m+       \"id\": \"demo-4\",\u001b[39m\n\u001b[31m+       \"images\": Array [],\u001b[39m\n\u001b[31m+       \"mood\": \"calm\",\u001b[39m\n\u001b[31m+       \"title\": \"Peaceful Evening\",\u001b[39m\n\u001b[31m+       \"updated_at\": \"2024-12-04T19:45:00Z\",\u001b[39m\n\u001b[31m+     },\u001b[39m\n\u001b[31m+     Object {\u001b[39m\n\u001b[31m+       \"content\": \"I got the job offer I've been waiting for! This is exactly what I wanted and I'm so excited to start this new chapter in my career.\",\u001b[39m\n\u001b[31m+       \"created_at\": \"2024-12-05T11:15:00Z\",\u001b[39m\n\u001b[31m+       \"date\": \"2024-12-05\",\u001b[39m\n\u001b[31m+       \"id\": \"demo-5\",\u001b[39m\n\u001b[31m+       \"images\": Array [],\u001b[39m\n\u001b[31m+       \"mood\": \"excited\",\u001b[39m\n\u001b[31m+       \"title\": \"Big News!\",\u001b[39m\n\u001b[31m+       \"updated_at\": \"2024-12-05T11:15:00Z\",\u001b[39m\n\u001b[31m+     },\u001b[39m\n\u001b[31m+     Object {\u001b[39m\n\u001b[31m+       \"content\": \"Planning a fun weekend with friends. We're going hiking and then having a barbecue. I'm really looking forward to spending time outdoors.\",\u001b[39m\n\u001b[31m+       \"created_at\": \"2024-12-06T09:30:00Z\",\u001b[39m\n\u001b[31m+       \"date\": \"2024-12-06\",\u001b[39m\n\u001b[31m+       \"id\": \"demo-6\",\u001b[39m\n\u001b[31m+       \"images\": Array [],\u001b[39m\n\u001b[31m+       \"mood\": \"happy\",\u001b[39m\n\u001b[31m+       \"title\": \"Weekend Plans\",\u001b[39m\n\u001b[31m+       \"updated_at\": \"2024-12-06T09:30:00Z\",\u001b[39m\n\u001b[31m+     },\u001b[39m\n\u001b[31m+     Object {\u001b[39m\n\u001b[31m+       \"content\": \"Started learning a new programming language today. It's challenging but exciting. I love the feeling of expanding my skills.\",\u001b[39m\n\u001b[31m+       \"created_at\": \"2024-12-07T16:00:00Z\",\u001b[39m\n\u001b[31m+       \"date\": \"2024-12-07\",\u001b[39m\n\u001b[31m+       \"id\": \"demo-7\",\u001b[39m\n\u001b[31m+       \"images\": Array [],\u001b[39m\n\u001b[31m+       \"mood\": \"excited\",\u001b[39m\n\u001b[31m+       \"title\": \"Learning Something New\",\u001b[39m\n\u001b[31m+       \"updated_at\": \"2024-12-07T16:00:00Z\",\u001b[39m\n\u001b[31m+     },\u001b[39m\n\u001b[31m+     Object {\u001b[39m\n\u001b[31m+       \"content\": \"Feeling homesick today. It's been a while since I've seen my family. Planning to call them this weekend and maybe plan a visit soon.\",\u001b[39m\n\u001b[31m+       \"created_at\": \"2024-12-08T20:10:00Z\",\u001b[39m\n\u001b[31m+       \"date\": \"2024-12-08\",\u001b[39m\n\u001b[31m+       \"id\": \"demo-8\",\u001b[39m\n\u001b[31m+       \"images\": Array [],\u001b[39m\n\u001b[31m+       \"mood\": \"sad\",\u001b[39m\n\u001b[31m+       \"title\": \"Missing Home\",\u001b[39m\n\u001b[31m+       \"updated_at\": \"2024-12-08T20:10:00Z\",\u001b[39m\n\u001b[2m      },\u001b[22m\n\u001b[31m+     Object {\u001b[39m\n\u001b[31m+       \"content\": \"Had a great meditation session this morning. I'm trying to make it a daily habit. It really helps me start the day with a clear mind.\",\u001b[39m\n\u001b[31m+       \"created_at\": \"2024-12-09T07:00:00Z\",\u001b[39m\n\u001b[31m+       \"date\": \"2024-12-09\",\u001b[39m\n\u001b[31m+       \"id\": \"demo-9\",\u001b[39m\n\u001b[31m+       \"images\": Array [],\u001b[39m\n\u001b[31m+       \"mood\": \"calm\",\u001b[39m\n\u001b[31m+       \"title\": \"Meditation Session\",\u001b[39m\n\u001b[31m+       \"updated_at\": \"2024-12-09T07:00:00Z\",\u001b[39m\n\u001b[31m+     },\u001b[39m\n\u001b[31m+     Object {\u001b[39m\n\u001b[31m+       \"content\": \"Stuck in traffic for over an hour today. People were driving so recklessly and I was late for an important meeting. Completely ruined my mood.\",\u001b[39m\n\u001b[31m+       \"created_at\": \"2024-12-10T08:45:00Z\",\u001b[39m\n\u001b[31m+       \"date\": \"2024-12-10\",\u001b[39m\n\u001b[31m+       \"id\": \"demo-10\",\u001b[39m\n\u001b[31m+       \"images\": Array [],\u001b[39m\n\u001b[31m+       \"mood\": \"angry\",\u001b[39m\n\u001b[31m+       \"title\": \"Traffic Rage\",\u001b[39m\n\u001b[31m+       \"updated_at\": \"2024-12-10T08:45:00Z\",\u001b[39m\n\u001b[31m+     },\u001b[39m\n\u001b[2m    ],\u001b[22m\n\u001b[2m    \"meta\": Object {\u001b[22m\n\u001b[32m-     \"limit\": 100,\u001b[39m\n\u001b[31m+     \"limit\": 150,\u001b[39m\n\u001b[2m      \"page\": 1,\u001b[22m\n\u001b[2m      \"pages\": 1,\u001b[22m\n\u001b[32m-     \"total\": 2,\u001b[39m\n\u001b[31m+     \"total\": 10,\u001b[39m\n\u001b[2m    },\u001b[22m\n\u001b[2m  }\u001b[22m\n    at Object.<anonymous> (E:\\Dev\\superapp\\frontend\\app\\diary\\atoms\\api.test.ts:124:22)\n    at processTicksAndRejections (node:internal/process/task_queues:105:5)"],"fullName":"diaryApi getDiaryEntries should respect maximum limit","invocations":1,"location":null,"numPassingAsserts":0,"retryReasons":[],"startAt":1752779221948,"status":"failed","title":"should respect maximum limit"},{"ancestorTitles":["diaryApi","getDiaryEntry"],"duration":1,"failing":false,"failureDetails":[{}],"failureMessages":["Error: Diary entry not found\n    at Object.getDiaryEntry (E:\\Dev\\superapp\\frontend\\app\\diary\\atoms\\api.ts:61:13)\n    at Object.getDiaryEntry (E:\\Dev\\superapp\\frontend\\app\\diary\\atoms\\api.ts:175:27)\n    at Object.<anonymous> (E:\\Dev\\superapp\\frontend\\app\\diary\\atoms\\api.test.ts:136:37)\n    at Promise.finally.completed (E:\\Dev\\superapp\\frontend\\node_modules\\.pnpm\\jest-circus@30.0.4\\node_modules\\jest-circus\\build\\jestAdapterInit.js:1559:28)\n    at new Promise (<anonymous>)\n    at callAsyncCircusFn (E:\\Dev\\superapp\\frontend\\node_modules\\.pnpm\\jest-circus@30.0.4\\node_modules\\jest-circus\\build\\jestAdapterInit.js:1499:10)\n    at _callCircusTest (E:\\Dev\\superapp\\frontend\\node_modules\\.pnpm\\jest-circus@30.0.4\\node_modules\\jest-circus\\build\\jestAdapterInit.js:1009:40)\n    at processTicksAndRejections (node:internal/process/task_queues:105:5)\n    at _runTest (E:\\Dev\\superapp\\frontend\\node_modules\\.pnpm\\jest-circus@30.0.4\\node_modules\\jest-circus\\build\\jestAdapterInit.js:949:3)\n    at _runTestsForDescribeBlock (E:\\Dev\\superapp\\frontend\\node_modules\\.pnpm\\jest-circus@30.0.4\\node_modules\\jest-circus\\build\\jestAdapterInit.js:839:13)\n    at _runTestsForDescribeBlock (E:\\Dev\\superapp\\frontend\\node_modules\\.pnpm\\jest-circus@30.0.4\\node_modules\\jest-circus\\build\\jestAdapterInit.js:829:11)\n    at _runTestsForDescribeBlock (E:\\Dev\\superapp\\frontend\\node_modules\\.pnpm\\jest-circus@30.0.4\\node_modules\\jest-circus\\build\\jestAdapterInit.js:829:11)\n    at run (E:\\Dev\\superapp\\frontend\\node_modules\\.pnpm\\jest-circus@30.0.4\\node_modules\\jest-circus\\build\\jestAdapterInit.js:757:3)\n    at runAndTransformResultsToJestFormat (E:\\Dev\\superapp\\frontend\\node_modules\\.pnpm\\jest-circus@30.0.4\\node_modules\\jest-circus\\build\\jestAdapterInit.js:1920:21)\n    at jestAdapter (E:\\Dev\\superapp\\frontend\\node_modules\\.pnpm\\jest-circus@30.0.4\\node_modules\\jest-circus\\build\\runner.js:101:19)\n    at runTestInternal (E:\\Dev\\superapp\\frontend\\node_modules\\.pnpm\\jest-runner@30.0.4\\node_modules\\jest-runner\\build\\testWorker.js:272:16)\n    at runTest (E:\\Dev\\superapp\\frontend\\node_modules\\.pnpm\\jest-runner@30.0.4\\node_modules\\jest-runner\\build\\testWorker.js:340:7)\n    at Object.worker (E:\\Dev\\superapp\\frontend\\node_modules\\.pnpm\\jest-runner@30.0.4\\node_modules\\jest-runner\\build\\testWorker.js:494:12)"],"fullName":"diaryApi getDiaryEntry should return a specific entry by ID","invocations":1,"location":null,"numPassingAsserts":0,"retryReasons":[],"startAt":1752779221951,"status":"failed","title":"should return a specific entry by ID"},{"ancestorTitles":["diaryApi","getDiaryEntry"],"duration":2,"failing":false,"failureDetails":[],"failureMessages":[],"fullName":"diaryApi getDiaryEntry should throw error for non-existent entry","invocations":1,"location":null,"numPassingAsserts":1,"retryReasons":[],"startAt":1752779221959,"status":"passed","title":"should throw error for non-existent entry"},{"ancestorTitles":["diaryApi","createDiaryEntry"],"duration":2,"failing":false,"failureDetails":[{"matcherResult":{"actual":{"id":"demo-3fe747d1-6d1d-41f9-845d-b383adfd5bbd","title":"New Entry","content":"New content","mood":"happy","date":"2025-07-17","images":[],"created_at":"2025-07-17T19:07:01.962Z","updated_at":"2025-07-17T19:07:01.962Z"},"expected":{"id":"new-id","title":"New Entry","content":"New content","mood":"happy","date":"2024-12-03","images":[],"created_at":"2024-12-03T10:00:00Z","updated_at":"2024-12-03T10:00:00Z"},"message":"\u001b[2mexpect(\u001b[22m\u001b[31mreceived\u001b[39m\u001b[2m).\u001b[22mtoEqual\u001b[2m(\u001b[22m\u001b[32mexpected\u001b[39m\u001b[2m) // deep equality\u001b[22m\n\n\u001b[32m- Expected  - 4\u001b[39m\n\u001b[31m+ Received  + 4\u001b[39m\n\n\u001b[2m  Object {\u001b[22m\n\u001b[2m    \"content\": \"New content\",\u001b[22m\n\u001b[32m-   \"created_at\": \"2024-12-03T10:00:00Z\",\u001b[39m\n\u001b[32m-   \"date\": \"2024-12-03\",\u001b[39m\n\u001b[32m-   \"id\": \"new-id\",\u001b[39m\n\u001b[31m+   \"created_at\": \"2025-07-17T19:07:01.962Z\",\u001b[39m\n\u001b[31m+   \"date\": \"2025-07-17\",\u001b[39m\n\u001b[31m+   \"id\": \"demo-3fe747d1-6d1d-41f9-845d-b383adfd5bbd\",\u001b[39m\n\u001b[2m    \"images\": Array [],\u001b[22m\n\u001b[2m    \"mood\": \"happy\",\u001b[22m\n\u001b[2m    \"title\": \"New Entry\",\u001b[22m\n\u001b[32m-   \"updated_at\": \"2024-12-03T10:00:00Z\",\u001b[39m\n\u001b[31m+   \"updated_at\": \"2025-07-17T19:07:01.962Z\",\u001b[39m\n\u001b[2m  }\u001b[22m","name":"toEqual","pass":false}}],"failureMessages":["Error: \u001b[2mexpect(\u001b[22m\u001b[31mreceived\u001b[39m\u001b[2m).\u001b[22mtoEqual\u001b[2m(\u001b[22m\u001b[32mexpected\u001b[39m\u001b[2m) // deep equality\u001b[22m\n\n\u001b[32m- Expected  - 4\u001b[39m\n\u001b[31m+ Received  + 4\u001b[39m\n\n\u001b[2m  Object {\u001b[22m\n\u001b[2m    \"content\": \"New content\",\u001b[22m\n\u001b[32m-   \"created_at\": \"2024-12-03T10:00:00Z\",\u001b[39m\n\u001b[32m-   \"date\": \"2024-12-03\",\u001b[39m\n\u001b[32m-   \"id\": \"new-id\",\u001b[39m\n\u001b[31m+   \"created_at\": \"2025-07-17T19:07:01.962Z\",\u001b[39m\n\u001b[31m+   \"date\": \"2025-07-17\",\u001b[39m\n\u001b[31m+   \"id\": \"demo-3fe747d1-6d1d-41f9-845d-b383adfd5bbd\",\u001b[39m\n\u001b[2m    \"images\": Array [],\u001b[22m\n\u001b[2m    \"mood\": \"happy\",\u001b[22m\n\u001b[2m    \"title\": \"New Entry\",\u001b[22m\n\u001b[32m-   \"updated_at\": \"2024-12-03T10:00:00Z\",\u001b[39m\n\u001b[31m+   \"updated_at\": \"2025-07-17T19:07:01.962Z\",\u001b[39m\n\u001b[2m  }\u001b[22m\n    at Object.<anonymous> (E:\\Dev\\superapp\\frontend\\app\\diary\\atoms\\api.test.ts:177:22)\n    at processTicksAndRejections (node:internal/process/task_queues:105:5)"],"fullName":"diaryApi createDiaryEntry should create a new diary entry","invocations":1,"location":null,"numPassingAsserts":0,"retryReasons":[],"startAt":1752779221961,"status":"failed","title":"should create a new diary entry"},{"ancestorTitles":["diaryApi","createDiaryEntry"],"duration":5,"failing":false,"failureDetails":[{"matcherResult":{"actual":"2025-07-17","expected":"2024-12-03","message":"\u001b[2mexpect(\u001b[22m\u001b[31mreceived\u001b[39m\u001b[2m).\u001b[22mtoBe\u001b[2m(\u001b[22m\u001b[32mexpected\u001b[39m\u001b[2m) // Object.is equality\u001b[22m\n\nExpected: \u001b[32m\"202\u001b[7m4-12-03\u001b[27m\"\u001b[39m\nReceived: \u001b[31m\"202\u001b[7m5-07-17\u001b[27m\"\u001b[39m","name":"toBe","pass":false}}],"failureMessages":["Error: \u001b[2mexpect(\u001b[22m\u001b[31mreceived\u001b[39m\u001b[2m).\u001b[22mtoBe\u001b[2m(\u001b[22m\u001b[32mexpected\u001b[39m\u001b[2m) // Object.is equality\u001b[22m\n\nExpected: \u001b[32m\"202\u001b[7m4-12-03\u001b[27m\"\u001b[39m\nReceived: \u001b[31m\"202\u001b[7m5-07-17\u001b[27m\"\u001b[39m\n    at Object.<anonymous> (E:\\Dev\\superapp\\frontend\\app\\diary\\atoms\\api.test.ts:205:27)\n    at processTicksAndRejections (node:internal/process/task_queues:105:5)"],"fullName":"diaryApi createDiaryEntry should use current date when no date is provided","invocations":1,"location":null,"numPassingAsserts":0,"retryReasons":[],"startAt":1752779221964,"status":"failed","title":"should use current date when no date is provided"},{"ancestorTitles":["diaryApi","createDiaryEntry"],"duration":1,"failing":false,"failureDetails":[],"failureMessages":[],"fullName":"diaryApi createDiaryEntry should use provided date when available","invocations":1,"location":null,"numPassingAsserts":1,"retryReasons":[],"startAt":1752779221969,"status":"passed","title":"should use provided date when available"},{"ancestorTitles":["diaryApi","updateDiaryEntry"],"duration":1,"failing":false,"failureDetails":[{}],"failureMessages":["Error: Diary entry not found\n    at Object.updateDiaryEntry (E:\\Dev\\superapp\\frontend\\app\\diary\\atoms\\api.ts:84:13)\n    at Object.updateDiaryEntry (E:\\Dev\\superapp\\frontend\\app\\diary\\atoms\\api.ts:228:27)\n    at Object.<anonymous> (E:\\Dev\\superapp\\frontend\\app\\diary\\atoms\\api.test.ts:255:37)\n    at Promise.finally.completed (E:\\Dev\\superapp\\frontend\\node_modules\\.pnpm\\jest-circus@30.0.4\\node_modules\\jest-circus\\build\\jestAdapterInit.js:1559:28)\n    at new Promise (<anonymous>)\n    at callAsyncCircusFn (E:\\Dev\\superapp\\frontend\\node_modules\\.pnpm\\jest-circus@30.0.4\\node_modules\\jest-circus\\build\\jestAdapterInit.js:1499:10)\n    at _callCircusTest (E:\\Dev\\superapp\\frontend\\node_modules\\.pnpm\\jest-circus@30.0.4\\node_modules\\jest-circus\\build\\jestAdapterInit.js:1009:40)\n    at processTicksAndRejections (node:internal/process/task_queues:105:5)\n    at _runTest (E:\\Dev\\superapp\\frontend\\node_modules\\.pnpm\\jest-circus@30.0.4\\node_modules\\jest-circus\\build\\jestAdapterInit.js:949:3)\n    at _runTestsForDescribeBlock (E:\\Dev\\superapp\\frontend\\node_modules\\.pnpm\\jest-circus@30.0.4\\node_modules\\jest-circus\\build\\jestAdapterInit.js:839:13)\n    at _runTestsForDescribeBlock (E:\\Dev\\superapp\\frontend\\node_modules\\.pnpm\\jest-circus@30.0.4\\node_modules\\jest-circus\\build\\jestAdapterInit.js:829:11)\n    at _runTestsForDescribeBlock (E:\\Dev\\superapp\\frontend\\node_modules\\.pnpm\\jest-circus@30.0.4\\node_modules\\jest-circus\\build\\jestAdapterInit.js:829:11)\n    at run (E:\\Dev\\superapp\\frontend\\node_modules\\.pnpm\\jest-circus@30.0.4\\node_modules\\jest-circus\\build\\jestAdapterInit.js:757:3)\n    at runAndTransformResultsToJestFormat (E:\\Dev\\superapp\\frontend\\node_modules\\.pnpm\\jest-circus@30.0.4\\node_modules\\jest-circus\\build\\jestAdapterInit.js:1920:21)\n    at jestAdapter (E:\\Dev\\superapp\\frontend\\node_modules\\.pnpm\\jest-circus@30.0.4\\node_modules\\jest-circus\\build\\runner.js:101:19)\n    at runTestInternal (E:\\Dev\\superapp\\frontend\\node_modules\\.pnpm\\jest-runner@30.0.4\\node_modules\\jest-runner\\build\\testWorker.js:272:16)\n    at runTest (E:\\Dev\\superapp\\frontend\\node_modules\\.pnpm\\jest-runner@30.0.4\\node_modules\\jest-runner\\build\\testWorker.js:340:7)\n    at Object.worker (E:\\Dev\\superapp\\frontend\\node_modules\\.pnpm\\jest-runner@30.0.4\\node_modules\\jest-runner\\build\\testWorker.js:494:12)"],"fullName":"diaryApi updateDiaryEntry should update an existing diary entry","invocations":1,"location":null,"numPassingAsserts":0,"retryReasons":[],"startAt":1752779221970,"status":"failed","title":"should update an existing diary entry"},{"ancestorTitles":["diaryApi","updateDiaryEntry"],"duration":16,"failing":false,"failureDetails":[{"matcherResult":{"message":"\u001b[2mexpect(\u001b[22m\u001b[31mreceived\u001b[39m\u001b[2m).\u001b[22mrejects\u001b[2m.\u001b[22mtoThrow\u001b[2m(\u001b[22m\u001b[32mexpected\u001b[39m\u001b[2m)\u001b[22m\n\nExpected substring: \u001b[32m\"Failed to update diary entry\"\u001b[39m\nReceived message:   \u001b[31m\"Diary entry not found\"\u001b[39m\n\n    \u001b[0m \u001b[90m 82 |\u001b[39m     \u001b[36mconst\u001b[39m index \u001b[33m=\u001b[39m mockDiaryEntries\u001b[33m.\u001b[39mfindIndex(e \u001b[33m=>\u001b[39m e\u001b[33m.\u001b[39mid \u001b[33m===\u001b[39m id)\n     \u001b[90m 83 |\u001b[39m     \u001b[36mif\u001b[39m (index \u001b[33m===\u001b[39m \u001b[33m-\u001b[39m\u001b[35m1\u001b[39m) {\n    \u001b[31m\u001b[1m>\u001b[22m\u001b[39m\u001b[90m 84 |\u001b[39m       \u001b[36mthrow\u001b[39m \u001b[36mnew\u001b[39m \u001b[33mError\u001b[39m(\u001b[32m'Diary entry not found'\u001b[39m)\n     \u001b[90m    |\u001b[39m             \u001b[31m\u001b[1m^\u001b[22m\u001b[39m\n     \u001b[90m 85 |\u001b[39m     }\n     \u001b[90m 86 |\u001b[39m     \n     \u001b[90m 87 |\u001b[39m     \u001b[36mconst\u001b[39m updatedEntry \u001b[33m=\u001b[39m {\u001b[0m\n\n      \u001b[2mat Object.updateDiaryEntry (\u001b[22mapp/diary/atoms/api.ts\u001b[2m:84:13)\u001b[22m\n      \u001b[2mat Object.updateDiaryEntry (\u001b[22mapp/diary/atoms/api.ts\u001b[2m:228:27)\u001b[22m\n      \u001b[2mat Object.<anonymous> (\u001b[22mapp/diary/atoms/api.test.ts\u001b[2m:270:32)\u001b[22m","pass":false},"message":"\u001b[2mexpect(\u001b[22m\u001b[31mreceived\u001b[39m\u001b[2m).\u001b[22mrejects\u001b[2m.\u001b[22mtoThrow\u001b[2m(\u001b[22m\u001b[32mexpected\u001b[39m\u001b[2m)\u001b[22m\n\nExpected substring: \u001b[32m\"Failed to update diary entry\"\u001b[39m\nReceived message:   \u001b[31m\"Diary entry not found\"\u001b[39m\n\n    \u001b[0m \u001b[90m 82 |\u001b[39m     \u001b[36mconst\u001b[39m index \u001b[33m=\u001b[39m mockDiaryEntries\u001b[33m.\u001b[39mfindIndex(e \u001b[33m=>\u001b[39m e\u001b[33m.\u001b[39mid \u001b[33m===\u001b[39m id)\n     \u001b[90m 83 |\u001b[39m     \u001b[36mif\u001b[39m (index \u001b[33m===\u001b[39m \u001b[33m-\u001b[39m\u001b[35m1\u001b[39m) {\n    \u001b[31m\u001b[1m>\u001b[22m\u001b[39m\u001b[90m 84 |\u001b[39m       \u001b[36mthrow\u001b[39m \u001b[36mnew\u001b[39m \u001b[33mError\u001b[39m(\u001b[32m'Diary entry not found'\u001b[39m)\n     \u001b[90m    |\u001b[39m             \u001b[31m\u001b[1m^\u001b[22m\u001b[39m\n     \u001b[90m 85 |\u001b[39m     }\n     \u001b[90m 86 |\u001b[39m     \n     \u001b[90m 87 |\u001b[39m     \u001b[36mconst\u001b[39m updatedEntry \u001b[33m=\u001b[39m {\u001b[0m\n\n      \u001b[2mat Object.updateDiaryEntry (\u001b[22mapp/diary/atoms/api.ts\u001b[2m:84:13)\u001b[22m\n      \u001b[2mat Object.updateDiaryEntry (\u001b[22mapp/diary/atoms/api.ts\u001b[2m:228:27)\u001b[22m\n      \u001b[2mat Object.<anonymous> (\u001b[22mapp/diary/atoms/api.test.ts\u001b[2m:270:32)\u001b[22m"}],"failureMessages":["Error: \u001b[2mexpect(\u001b[22m\u001b[31mreceived\u001b[39m\u001b[2m).\u001b[22mrejects\u001b[2m.\u001b[22mtoThrow\u001b[2m(\u001b[22m\u001b[32mexpected\u001b[39m\u001b[2m)\u001b[22m\n\nExpected substring: \u001b[32m\"Failed to update diary entry\"\u001b[39m\nReceived message:   \u001b[31m\"Diary entry not found\"\u001b[39m\n\n    \u001b[0m \u001b[90m 82 |\u001b[39m     \u001b[36mconst\u001b[39m index \u001b[33m=\u001b[39m mockDiaryEntries\u001b[33m.\u001b[39mfindIndex(e \u001b[33m=>\u001b[39m e\u001b[33m.\u001b[39mid \u001b[33m===\u001b[39m id)\n     \u001b[90m 83 |\u001b[39m     \u001b[36mif\u001b[39m (index \u001b[33m===\u001b[39m \u001b[33m-\u001b[39m\u001b[35m1\u001b[39m) {\n    \u001b[31m\u001b[1m>\u001b[22m\u001b[39m\u001b[90m 84 |\u001b[39m       \u001b[36mthrow\u001b[39m \u001b[36mnew\u001b[39m \u001b[33mError\u001b[39m(\u001b[32m'Diary entry not found'\u001b[39m)\n     \u001b[90m    |\u001b[39m             \u001b[31m\u001b[1m^\u001b[22m\u001b[39m\n     \u001b[90m 85 |\u001b[39m     }\n     \u001b[90m 86 |\u001b[39m     \n     \u001b[90m 87 |\u001b[39m     \u001b[36mconst\u001b[39m updatedEntry \u001b[33m=\u001b[39m {\u001b[0m\n\n      \u001b[2mat Object.updateDiaryEntry (\u001b[22mapp/diary/atoms/api.ts\u001b[2m:84:13)\u001b[22m\n      \u001b[2mat Object.updateDiaryEntry (\u001b[22mapp/diary/atoms/api.ts\u001b[2m:228:27)\u001b[22m\n      \u001b[2mat Object.<anonymous> (\u001b[22mapp/diary/atoms/api.test.ts\u001b[2m:270:32)\u001b[22m\n    at Object.toThrow (E:\\Dev\\superapp\\frontend\\node_modules\\.pnpm\\expect@30.0.4\\node_modules\\expect\\build\\index.js:2152:20)\n    at Object.<anonymous> (E:\\Dev\\superapp\\frontend\\app\\diary\\atoms\\api.test.ts:271:37)\n    at Promise.finally.completed (E:\\Dev\\superapp\\frontend\\node_modules\\.pnpm\\jest-circus@30.0.4\\node_modules\\jest-circus\\build\\jestAdapterInit.js:1559:28)\n    at new Promise (<anonymous>)\n    at callAsyncCircusFn (E:\\Dev\\superapp\\frontend\\node_modules\\.pnpm\\jest-circus@30.0.4\\node_modules\\jest-circus\\build\\jestAdapterInit.js:1499:10)\n    at _callCircusTest (E:\\Dev\\superapp\\frontend\\node_modules\\.pnpm\\jest-circus@30.0.4\\node_modules\\jest-circus\\build\\jestAdapterInit.js:1009:40)\n    at processTicksAndRejections (node:internal/process/task_queues:105:5)\n    at _runTest (E:\\Dev\\superapp\\frontend\\node_modules\\.pnpm\\jest-circus@30.0.4\\node_modules\\jest-circus\\build\\jestAdapterInit.js:949:3)\n    at _runTestsForDescribeBlock (E:\\Dev\\superapp\\frontend\\node_modules\\.pnpm\\jest-circus@30.0.4\\node_modules\\jest-circus\\build\\jestAdapterInit.js:839:13)\n    at _runTestsForDescribeBlock (E:\\Dev\\superapp\\frontend\\node_modules\\.pnpm\\jest-circus@30.0.4\\node_modules\\jest-circus\\build\\jestAdapterInit.js:829:11)\n    at _runTestsForDescribeBlock (E:\\Dev\\superapp\\frontend\\node_modules\\.pnpm\\jest-circus@30.0.4\\node_modules\\jest-circus\\build\\jestAdapterInit.js:829:11)\n    at run (E:\\Dev\\superapp\\frontend\\node_modules\\.pnpm\\jest-circus@30.0.4\\node_modules\\jest-circus\\build\\jestAdapterInit.js:757:3)\n    at runAndTransformResultsToJestFormat (E:\\Dev\\superapp\\frontend\\node_modules\\.pnpm\\jest-circus@30.0.4\\node_modules\\jest-circus\\build\\jestAdapterInit.js:1920:21)\n    at jestAdapter (E:\\Dev\\superapp\\frontend\\node_modules\\.pnpm\\jest-circus@30.0.4\\node_modules\\jest-circus\\build\\runner.js:101:19)\n    at runTestInternal (E:\\Dev\\superapp\\frontend\\node_modules\\.pnpm\\jest-runner@30.0.4\\node_modules\\jest-runner\\build\\testWorker.js:272:16)\n    at runTest (E:\\Dev\\superapp\\frontend\\node_modules\\.pnpm\\jest-runner@30.0.4\\node_modules\\jest-runner\\build\\testWorker.js:340:7)\n    at Object.worker (E:\\Dev\\superapp\\frontend\\node_modules\\.pnpm\\jest-runner@30.0.4\\node_modules\\jest-runner\\build\\testWorker.js:494:12)"],"fullName":"diaryApi updateDiaryEntry should throw error for non-existent entry","invocations":1,"location":null,"numPassingAsserts":0,"retryReasons":[],"startAt":1752779221971,"status":"failed","title":"should throw error for non-existent entry"},{"ancestorTitles":["diaryApi","deleteDiaryEntry"],"duration":1,"failing":false,"failureDetails":[{}],"failureMessages":["Error: Diary entry not found\n    at Object.deleteDiaryEntry (E:\\Dev\\superapp\\frontend\\app\\diary\\atoms\\api.ts:99:13)\n    at Object.deleteDiaryEntry (E:\\Dev\\superapp\\frontend\\app\\diary\\atoms\\api.ts:254:27)\n    at Object.<anonymous> (E:\\Dev\\superapp\\frontend\\app\\diary\\atoms\\api.test.ts:283:37)\n    at Promise.finally.completed (E:\\Dev\\superapp\\frontend\\node_modules\\.pnpm\\jest-circus@30.0.4\\node_modules\\jest-circus\\build\\jestAdapterInit.js:1559:28)\n    at new Promise (<anonymous>)\n    at callAsyncCircusFn (E:\\Dev\\superapp\\frontend\\node_modules\\.pnpm\\jest-circus@30.0.4\\node_modules\\jest-circus\\build\\jestAdapterInit.js:1499:10)\n    at _callCircusTest (E:\\Dev\\superapp\\frontend\\node_modules\\.pnpm\\jest-circus@30.0.4\\node_modules\\jest-circus\\build\\jestAdapterInit.js:1009:40)\n    at processTicksAndRejections (node:internal/process/task_queues:105:5)\n    at _runTest (E:\\Dev\\superapp\\frontend\\node_modules\\.pnpm\\jest-circus@30.0.4\\node_modules\\jest-circus\\build\\jestAdapterInit.js:949:3)\n    at _runTestsForDescribeBlock (E:\\Dev\\superapp\\frontend\\node_modules\\.pnpm\\jest-circus@30.0.4\\node_module
[...]
u001b[36mnew\u001b[39m \u001b[33mError\u001b[39m(errorMessage))\u001b[22m\n\u001b[2m     \u001b[90m 54 |\u001b[39m\u001b[0m\u001b[22m\n\u001b[2m\u001b[22m\n\u001b[2m      \u001b[2mat \u001b[22m\u001b[2m\u001b[0m\u001b[36mapp/diary/atoms/useDiaryApi.test.ts\u001b[39m\u001b[0m\u001b[2m:51:5\u001b[22m\u001b[2m\u001b[22m\n\u001b[2m      \u001b[2mat \u001b[22m\u001b[2m\u001b[0m\u001b[36mapp/diary/atoms/useDiaryApi.test.ts\u001b[39m\u001b[0m\u001b[2m:33:3\u001b[22m\u001b[2m\u001b[22m\n\u001b[2m      \u001b[2mat Object.<anonymous> (\u001b[22m\u001b[2m\u001b[0m\u001b[36mapp/diary/atoms/useDiaryApi.test.ts\u001b[39m\u001b[0m\u001b[2m:16:1)\u001b[22m\u001b[2m\u001b[22m\n\n\u001b[1m\u001b[31m  \u001b[1m● \u001b[22m\u001b[1museDiaryApi › loadEntries › should load entries successfully\u001b[39m\u001b[22m\n\n    thrown: \"Exceeded timeout of 5000 ms for a test.\n    Add a timeout value to this test to increase the timeout, if this is a long-running test. See https://jestjs.io/docs/api#testname-fn-timeout.\"\n\u001b[2m\u001b[22m\n\u001b[2m    \u001b[0m \u001b[90m 65 |\u001b[39m\u001b[22m\n\u001b[2m     \u001b[90m 66 |\u001b[39m   describe(\u001b[32m'loadEntries'\u001b[39m\u001b[33m,\u001b[39m () \u001b[33m=>\u001b[39m {\u001b[22m\n\u001b[2m    \u001b[31m\u001b[1m>\u001b[22m\u001b[2m\u001b[39m\u001b[90m 67 |\u001b[39m     it(\u001b[32m'should load entries successfully'\u001b[39m\u001b[33m,\u001b[39m \u001b[36masync\u001b[39m () \u001b[33m=>\u001b[39m {\u001b[22m\n\u001b[2m     \u001b[90m    |\u001b[39m     \u001b[31m\u001b[1m^\u001b[22m\u001b[2m\u001b[39m\u001b[22m\n\u001b[2m     \u001b[90m 68 |\u001b[39m       \u001b[36mconst\u001b[39m mockEntries \u001b[33m=\u001b[39m [\u001b[22m\n\u001b[2m     \u001b[90m 69 |\u001b[39m         {\u001b[22m\n\u001b[2m     \u001b[90m 70 |\u001b[39m           id\u001b[33m:\u001b[39m \u001b[32m'1'\u001b[39m\u001b[33m,\u001b[39m\u001b[0m\u001b[22m\n\u001b[2m\u001b[22m\n\u001b[2m      \u001b[2mat \u001b[22m\u001b[2m\u001b[0m\u001b[36mapp/diary/atoms/useDiaryApi.test.ts\u001b[39m\u001b[0m\u001b[2m:67:5\u001b[22m\u001b[2m\u001b[22m\n\u001b[2m      \u001b[2mat \u001b[22m\u001b[2m\u001b[0m\u001b[36mapp/diary/atoms/useDiaryApi.test.ts\u001b[39m\u001b[0m\u001b[2m:66:3\u001b[22m\u001b[2m\u001b[22m\n\u001b[2m      \u001b[2mat Object.<anonymous> (\u001b[22m\u001b[2m\u001b[0m\u001b[36mapp/diary/atoms/useDiaryApi.test.ts\u001b[39m\u001b[0m\u001b[2m:16:1)\u001b[22m\u001b[2m\u001b[22m\n\n\u001b[1m\u001b[31m  \u001b[1m● \u001b[22m\u001b[1museDiaryApi › loadEntries › should load entries with filters\u001b[39m\u001b[22m\n\n    thrown: \"Exceeded timeout of 5000 ms for a test.\n    Add a timeout value to this test to increase the timeout, if this is a long-running test. See https://jestjs.io/docs/api#testname-fn-timeout.\"\n\u001b[2m\u001b[22m\n\u001b[2m    \u001b[0m \u001b[90m 101 |\u001b[39m     })\u001b[22m\n\u001b[2m     \u001b[90m 102 |\u001b[39m\u001b[22m\n\u001b[2m    \u001b[31m\u001b[1m>\u001b[22m\u001b[2m\u001b[39m\u001b[90m 103 |\u001b[39m     it(\u001b[32m'should load entries with filters'\u001b[39m\u001b[33m,\u001b[39m \u001b[36masync\u001b[39m () \u001b[33m=>\u001b[39m {\u001b[22m\n\u001b[2m     \u001b[90m     |\u001b[39m     \u001b[31m\u001b[1m^\u001b[22m\u001b[2m\u001b[39m\u001b[22m\n\u001b[2m     \u001b[90m 104 |\u001b[39m       \u001b[36mconst\u001b[39m mockEntries\u001b[33m:\u001b[39m \u001b[33mDiaryEntry\u001b[39m[] \u001b[33m=\u001b[39m []\u001b[22m\n\u001b[2m     \u001b[90m 105 |\u001b[39m       \u001b[36mconst\u001b[39m mockMeta \u001b[33m=\u001b[39m {\u001b[22m\n\u001b[2m     \u001b[90m 106 |\u001b[39m         total\u001b[33m:\u001b[39m \u001b[35m0\u001b[39m\u001b[33m,\u001b[39m\u001b[0m\u001b[22m\n\u001b[2m\u001b[22m\n\u001b[2m      \u001b[2mat \u001b[22m\u001b[2m\u001b[0m\u001b[36mapp/diary/atoms/useDiaryApi.test.ts\u001b[39m\u001b[0m\u001b[2m:103:5\u001b[22m\u001b[2m\u001b[22m\n\u001b[2m      \u001b[2mat \u001b[22m\u001b[2m\u001b[0m\u001b[36mapp/diary/atoms/useDiaryApi.test.ts\u001b[39m\u001b[0m\u001b[2m:66:3\u001b[22m\u001b[2m\u001b[22m\n\u001b[2m      \u001b[2mat Object.<anonymous> (\u001b[22m\u001b[2m\u001b[0m\u001b[36mapp/diary/atoms/useDiaryApi.test.ts\u001b[39m\u001b[0m\u001b[2m:16:1)\u001b[22m\u001b[2m\u001b[22m\n\n\u001b[1m\u001b[31m  \u001b[1m● \u001b[22m\u001b[1museDiaryApi › loadEntries › should handle entry loading error\u001b[39m\u001b[22m\n\n    thrown: \"Exceeded timeout of 5000 ms for a test.\n    Add a timeout value to this test to increase the timeout, if this is a long-running test. See https://jestjs.io/docs/api#testname-fn-timeout.\"\n\u001b[2m\u001b[22m\n\u001b[2m    \u001b[0m \u001b[90m 126 |\u001b[39m     })\u001b[22m\n\u001b[2m     \u001b[90m 127 |\u001b[39m\u001b[22m\n\u001b[2m    \u001b[31m\u001b[1m>\u001b[22m\u001b[2m\u001b[39m\u001b[90m 128 |\u001b[39m     it(\u001b[32m'should handle entry loading error'\u001b[39m\u001b[33m,\u001b[39m \u001b[36masync\u001b[39m () \u001b[33m=>\u001b[39m {\u001b[22m\n\u001b[2m     \u001b[90m     |\u001b[39m     \u001b[31m\u001b[1m^\u001b[22m\u001b[2m\u001b[39m\u001b[22m\n\u001b[2m     \u001b[90m 129 |\u001b[39m       \u001b[36mconst\u001b[39m errorMessage \u001b[33m=\u001b[39m \u001b[32m'Failed to load entries'\u001b[39m\u001b[22m\n\u001b[2m     \u001b[90m 130 |\u001b[39m       mockDiaryApi\u001b[33m.\u001b[39mgetDiaryEntries\u001b[33m.\u001b[39mmockRejectedValue(\u001b[36mnew\u001b[39m \u001b[33mError\u001b[39m(errorMessage))\u001b[22m\n\u001b[2m     \u001b[90m 131 |\u001b[39m\u001b[0m\u001b[22m\n\u001b[2m\u001b[22m\n\u001b[2m      \u001b[2mat \u001b[22m\u001b[2m\u001b[0m\u001b[36mapp/diary/atoms/useDiaryApi.test.ts\u001b[39m\u001b[0m\u001b[2m:128:5\u001b[22m\u001b[2m\u001b[22m\n\u001b[2m      \u001b[2mat \u001b[22m\u001b[2m\u001b[0m\u001b[36mapp/diary/atoms/useDiaryApi.test.ts\u001b[39m\u001b[0m\u001b[2m:66:3\u001b[22m\u001b[2m\u001b[22m\n\u001b[2m      \u001b[2mat Object.<anonymous> (\u001b[22m\u001b[2m\u001b[0m\u001b[36mapp/diary/atoms/useDiaryApi.test.ts\u001b[39m\u001b[0m\u001b[2m:16:1)\u001b[22m\u001b[2m\u001b[22m\n\n\u001b[1m\u001b[31m  \u001b[1m● \u001b[22m\u001b[1museDiaryApi › createEntry › should create entry successfully\u001b[39m\u001b[22m\n\n    thrown: \"Exceeded timeout of 5000 ms for a test.\n    Add a timeout value to this test to increase the timeout, if this is a long-running test. See https://jestjs.io/docs/api#testname-fn-timeout.\"\n\u001b[2m\u001b[22m\n\u001b[2m    \u001b[0m \u001b[90m 142 |\u001b[39m\u001b[22m\n\u001b[2m     \u001b[90m 143 |\u001b[39m   describe(\u001b[32m'createEntry'\u001b[39m\u001b[33m,\u001b[39m () \u001b[33m=>\u001b[39m {\u001b[22m\n\u001b[2m    \u001b[31m\u001b[1m>\u001b[22m\u001b[2m\u001b[39m\u001b[90m 144 |\u001b[39m     it(\u001b[32m'should create entry successfully'\u001b[39m\u001b[33m,\u001b[39m \u001b[36masync\u001b[39m () \u001b[33m=>\u001b[39m {\u001b[22m\n\u001b[2m     \u001b[90m     |\u001b[39m     \u001b[31m\u001b[1m^\u001b[22m\u001b[2m\u001b[39m\u001b[22m\n\u001b[2m     \u001b[90m 145 |\u001b[39m       \u001b[36mconst\u001b[39m newEntry\u001b[33m:\u001b[39m \u001b[33mDiaryEntryCreate\u001b[39m \u001b[33m=\u001b[39m {\u001b[22m\n\u001b[2m     \u001b[90m 146 |\u001b[39m         title\u001b[33m:\u001b[39m \u001b[32m'New Entry'\u001b[39m\u001b[33m,\u001b[39m\u001b[22m\n\u001b[2m     \u001b[90m 147 |\u001b[39m         content\u001b[33m:\u001b[39m \u001b[32m'New content'\u001b[39m\u001b[33m,\u001b[39m\u001b[0m\u001b[22m\n\u001b[2m\u001b[22m\n\u001b[2m      \u001b[2mat \u001b[22m\u001b[2m\u001b[0m\u001b[36mapp/diary/atoms/useDiaryApi.test.ts\u001b[39m\u001b[0m\u001b[2m:144:5\u001b[22m\u001b[2m\u001b[22m\n\u001b[2m      \u001b[2mat \u001b[22m\u001b[2m\u001b[0m\u001b[36mapp/diary/atoms/useDiaryApi.test.ts\u001b[39m\u001b[0m\u001b[2m:143:3\u001b[22m\u001b[2m\u001b[22m\n\u001b[2m      \u001b[2mat Object.<anonymous> (\u001b[22m\u001b[2m\u001b[0m\u001b[36mapp/diary/atoms/useDiaryApi.test.ts\u001b[39m\u001b[0m\u001b[2m:16:1)\u001b[22m\u001b[2m\u001b[22m\n\n\u001b[1m\u001b[31m  \u001b[1m● \u001b[22m\u001b[1museDiaryApi › createEntry › should handle creation error\u001b[39m\u001b[22m\n\n    \u001b[2mexpect(\u001b[22m\u001b[31mreceived\u001b[39m\u001b[2m).\u001b[22mtoBe\u001b[2m(\u001b[22m\u001b[32mexpected\u001b[39m\u001b[2m) // Object.is equality\u001b[22m\n\n    Expected: \u001b[32m\"Failed to create entry\"\u001b[39m\n    Received: \u001b[31mnull\u001b[39m\n\u001b[2m\u001b[22m\n\u001b[2m    \u001b[0m \u001b[90m 188 |\u001b[39m       })\u001b[33m.\u001b[39mrejects\u001b[33m.\u001b[39mtoThrow(errorMessage)\u001b[22m\n\u001b[2m     \u001b[90m 189 |\u001b[39m\u001b[22m\n\u001b[2m    \u001b[31m\u001b[1m>\u001b[22m\u001b[2m\u001b[39m\u001b[90m 190 |\u001b[39m       expect(result\u001b[33m.\u001b[39mcurrent\u001b[33m.\u001b[39merror)\u001b[33m.\u001b[39mtoBe(errorMessage)\u001b[22m\n\u001b[2m     \u001b[90m     |\u001b[39m                                    \u001b[31m\u001b[1m^\u001b[22m\u001b[2m\u001b[39m\u001b[22m\n\u001b[2m     \u001b[90m 191 |\u001b[39m       expect(result\u001b[33m.\u001b[39mcurrent\u001b[33m.\u001b[39mloading)\u001b[33m.\u001b[39mtoBe(\u001b[36mfalse\u001b[39m)\u001b[22m\n\u001b[2m     \u001b[90m 192 |\u001b[39m     })\u001b[22m\n\u001b[2m     \u001b[90m 193 |\u001b[39m   })\u001b[0m\u001b[22m\n\u001b[2m\u001b[22m\n\u001b[2m      \u001b[2mat Object.<anonymous> (\u001b[22m\u001b[2m\u001b[0m\u001b[36mapp/diary/atoms/useDiaryApi.test.ts\u001b[39m\u001b[0m\u001b[2m:190:36)\u001b[22m\u001b[2m\u001b[22m\n\n\u001b[1m\u001b[31m  \u001b[1m● \u001b[22m\u001b[1museDiaryApi › updateEntry › should update entry successfully\u001b[39m\u001b[22m\n\n    thrown: \"Exceeded timeout of 5000 ms for a test.\n    Add a timeout value to this test to increase the timeout, if this is a long-running test. See https://jestjs.io/docs/api#testname-fn-timeout.\"\n\u001b[2m\u001b[22m\n\u001b[2m    \u001b[0m \u001b[90m 194 |\u001b[39m\u001b[22m\n\u001b[2m     \u001b[90m 195 |\u001b[39m   describe(\u001b[32m'updateEntry'\u001b[39m\u001b[33m,\u001b[39m () \u001b[33m=>\u001b[39m {\u001b[22m\n\u001b[2m    \u001b[31m\u001b[1m>\u001b[22m\u001b[2m\u001b[39m\u001b[90m 196 |\u001b[39m     it(\u001b[32m'should update entry successfully'\u001b[39m\u001b[33m,\u001b[39m \u001b[36masync\u001b[39m () \u001b[33m=>\u001b[39m {\u001b[22m\n\u001b[2m     \u001b[90m     |\u001b[39m     \u001b[31m\u001b[1m^\u001b[22m\u001b[2m\u001b[39m\u001b[22m\n\u001b[2m     \u001b[90m 197 |\u001b[39m       \u001b[36mconst\u001b[39m updateData\u001b[33m:\u001b[39m \u001b[33mDiaryEntryUpdate\u001b[39m \u001b[33m=\u001b[39m {\u001b[22m\n\u001b[2m     \u001b[90m 198 |\u001b[39m         title\u001b[33m:\u001b[39m \u001b[32m'Updated Title'\u001b[39m\u001b[33m,\u001b[39m\u001b[22m\n\u001b[2m     \u001b[90m 199 |\u001b[39m         content\u001b[33m:\u001b[39m \u001b[32m'Updated content'\u001b[39m\u001b[0m\u001b[22m\n\u001b[2m\u001b[22m\n\u001b[2m      \u001b[2mat \u001b[22m\u001b[2m\u001b[0m\u001b[36mapp/diary/atoms/useDiaryApi.test.ts\u001b[39m\u001b[0m\u001b[2m:196:5\u001b[22m\u001b[2m\u001b[22m\n\u001b[2m      \u001b[2mat \u001b[22m\u001b[2m\u001b[0m\u001b[36mapp/diary/atoms/useDiaryApi.test.ts\u001b[39m\u001b[0m\u001b[2m:195:3\u001b[22m\u001b[2m\u001b[22m\n\u001b[2m      \u001b[2mat Object.<anonymous> (\u001b[22m\u001b[2m\u001b[0m\u001b[36mapp/diary/atoms/useDiaryApi.test.ts\u001b[39m\u001b[0m\u001b[2m:16:1)\u001b[22m\u001b[2m\u001b[22m\n\n\u001b[1m\u001b[31m  \u001b[1m● \u001b[22m\u001b[1museDiaryApi › updateEntry › should handle update error\u001b[39m\u001b[22m\n\n    \u001b[2mexpect(\u001b[22m\u001b[31mreceived\u001b[39m\u001b[2m).\u001b[22mtoBe\u001b[2m(\u001b[22m\u001b[32mexpected\u001b[39m\u001b[2m) // Object.is equality\u001b[22m\n\n    Expected: \u001b[32m\"Failed to update entry\"\u001b[39m\n    Received: \u001b[31mnull\u001b[39m\n\u001b[2m\u001b[22m\n\u001b[2m    \u001b[0m \u001b[90m 255 |\u001b[39m       })\u001b[33m.\u001b[39mrejects\u001b[33m.\u001b[39mtoThrow(errorMessage)\u001b[22m\n\u001b[2m     \u001b[90m 256 |\u001b[39m\u001b[22m\n\u001b[2m    \u001b[31m\u001b[1m>\u001b[22m\u001b[2m\u001b[39m\u001b[90m 257 |\u001b[39m       expect(result\u001b[33m.\u001b[39mcurrent\u001b[33m.\u001b[39merror)\u001b[33m.\u001b[39mtoBe(errorMessage)\u001b[22m\n\u001b[2m     \u001b[90m     |\u001b[39m                                    \u001b[31m\u001b[1m^\u001b[22m\u001b[2m\u001b[39m\u001b[22m\n\u001b[2m     \u001b[90m 258 |\u001b[39m       expect(result\u001b[33m.\u001b[39mcurrent\u001b[33m.\u001b[39mloading)\u001b[33m.\u001b[39mtoBe(\u001b[36mfalse\u001b[39m)\u001b[22m\n\u001b[2m     \u001b[90m 259 |\u001b[39m     })\u001b[22m\n\u001b[2m     \u001b[90m 260 |\u001b[39m   })\u001b[0m\u001b[22m\n\u001b[2m\u001b[22m\n\u001b[2m      \u001b[2mat Object.<anonymous> (\u001b[22m\u001b[2m\u001b[0m\u001b[36mapp/diary/atoms/useDiaryApi.test.ts\u001b[39m\u001b[0m\u001b[2m:257:36)\u001b[22m\u001b[2m\u001b[22m\n\n\u001b[1m\u001b[31m  \u001b[1m● \u001b[22m\u001b[1museDiaryApi › deleteEntry › should delete entry successfully\u001b[39m\u001b[22m\n\n    thrown: \"Exceeded timeout of 5000 ms for a test.\n    Add a timeout value to this test to increase the timeout, if this is a long-running test. See https://jestjs.io/docs/api#testname-fn-timeout.\"\n\u001b[2m\u001b[22m\n\u001b[2m    \u001b[0m \u001b[90m 261 |\u001b[39m\u001b[22m\n\u001b[2m     \u001b[90m 262 |\u001b[39m   describe(\u001b[32m'deleteEntry'\u001b[39m\u001b[33m,\u001b[39m () \u001b[33m=>\u001b[39m {\u001b[22m\n\u001b[2m    \u001b[31m\u001b[1m>\u001b[22m\u001b[2m\u001b[39m\u001b[90m 263 |\u001b[39m     it(\u001b[32m'should delete entry successfully'\u001b[39m\u001b[33m,\u001b[39m \u001b[36masync\u001b[39m () \u001b[33m=>\u001b[39m {\u001b[22m\n\u001b[2m     \u001b[90m     |\u001b[39m     \u001b[31m\u001b[1m^\u001b[22m\u001b[2m\u001b[39m\u001b[22m\n\u001b[2m     \u001b[90m 264 |\u001b[39m       mockDiaryApi\u001b[33m.\u001b[39mdeleteDiaryEntry\u001b[33m.\u001b[39mmockResolvedValue({ message\u001b[33m:\u001b[39m \u001b[32m'Diary entry deleted successfully'\u001b[39m })\u001b[22m\n\u001b[2m     \u001b[90m 265 |\u001b[39m\u001b[22m\n\u001b[2m     \u001b[90m 266 |\u001b[39m       \u001b[36mconst\u001b[39m { result } \u001b[33m=\u001b[39m renderHook(() \u001b[33m=>\u001b[39m useDiaryApi())\u001b[0m\u001b[22m\n\u001b[2m\u001b[22m\n\u001b[2m      \u001b[2mat \u001b[22m\u001b[2m\u001b[0m\u001b[36mapp/diary/atoms/useDiaryApi.test.ts\u001b[39m\u001b[0m\u001b[2m:263:5\u001b[22m\u001b[2m\u001b[22m\n\u001b[2m      \u001b[2mat \u001b[22m\u001b[2m\u001b[0m\u001b[36mapp/diary/atoms/useDiaryApi.test.ts\u001b[39m\u001b[0m\u001b[2m:262:3\u001b[22m\u001b[2m\u001b[22m\n\u001b[2m      \u001b[2mat Object.<anonymous> (\u001b[22m\u001b[2m\u001b[0m\u001b[36mapp/diary/atoms/useDiaryApi.test.ts\u001b[39m\u001b[0m\u001b[2m:16:1)\u001b[22m\u001b[2m\u001b[22m\n\n\u001b[1m\u001b[31m  \u001b[1m● \u001b[22m\u001b[1museDiaryApi › deleteEntry › should handle delete error\u001b[39m\u001b[22m\n\n    \u001b[2mexpect(\u001b[22m\u001b[31mreceived\u001b[39m\u001b[2m).\u001b[22mtoBe\u001b[2m(\u001b[22m\u001b[32mexpected\u001b[39m\u001b[2m) // Object.is equality\u001b[22m\n\n    Expected: \u001b[32m\"Failed to delete entry\"\u001b[39m\n    Received: \u001b[31mnull\u001b[39m\n\u001b[2m\u001b[22m\n\u001b[2m    \u001b[0m \u001b[90m 303 |\u001b[39m       })\u001b[33m.\u001b[39mrejects\u001b[33m.\u001b[39mtoThrow(errorMessage)\u001b[22m\n\u001b[2m     \u001b[90m 304 |\u001b[39m\u001b[22m\n\u001b[2m    \u001b[31m\u001b[1m>\u001b[22m\u001b[2m\u001b[39m\u001b[90m 305 |\u001b[39m       expect(result\u001b[33m.\u001b[39mcurrent\u001b[33m.\u001b[39merror)\u001b[33m.\u001b[39mtoBe(errorMessage)\u001b[22m\n\u001b[2m     \u001b[90m     |\u001b[39m                                    \u001b[31m\u001b[1m^\u001b[22m\u001b[2m\u001b[39m\u001b[22m\n\u001b[2m     \u001b[90m 306 |\u001b[39m       expect(result\u001b[33m.\u001b[39mcurrent\u001b[33m.\u001b[39mloading)\u001b[33m.\u001b[39mtoBe(\u001b[36mfalse\u001b[39m)\u001b[22m\n\u001b[2m     \u001b[90m 307 |\u001b[39m     })\u001b[22m\n\u001b[2m     \u001b[90m 308 |\u001b[39m   })\u001b[0m\u001b[22m\n\u001b[2m\u001b[22m\n\u001b[2m      \u001b[2mat Object.<anonymous> (\u001b[22m\u001b[2m\u001b[0m\u001b[36mapp/diary/atoms/useDiaryApi.test.ts\u001b[39m\u001b[0m\u001b[2m:305:36)\u001b[22m\u001b[2m\u001b[22m\n\n\u001b[1m\u001b[31m  \u001b[1m● \u001b[22m\u001b[1museDiaryApi › uploadImage › should upload image successfully\u001b[39m\u001b[22m\n\n    thrown: \"Exceeded timeout of 5000 ms for a test.\n    Add a timeout value to this test to increase the timeout, if this is a long-running test. See https://jestjs.io/docs/api#testname-fn-timeout.\"\n\u001b[2m\u001b[22m\n\u001b[2m    \u001b[0m \u001b[90m 309 |\u001b[39m\u001b[22m\n\u001b[2m     \u001b[90m 310 |\u001b[39m   describe(\u001b[32m'uploadImage'\u001b[39m\u001b[33m,\u001b[39m () \u001b[33m=>\u001b[39m {\u001b[22m\n\u001b[2m    \u001b[31m\u001b[1m>\u001b[22m\u001b[2m\u001b[39m\u001b[90m 311 |\u001b[39m     it(\u001b[32m'should upload image successfully'\u001b[39m\u001b[33m,\u001b[39m \u001b[36masync\u001b[39m () \u001b[33m=>\u001b[39m {\u001b[22m\n\u001b[2m     \u001b[90m     |\u001b[39m     \u001b[31m\u001b[1m^\u001b[22m\u001b[2m\u001b[39m\u001b[22m\n\u001b[2m     \u001b[90m 312 |\u001b[39m       \u001b[36mconst\u001b[39m file \u001b[33m=\u001b[39m \u001b[36mnew\u001b[39m \u001b[33mFile\u001b[39m([\u001b[32m'test'\u001b[39m]\u001b[33m,\u001b[39m \u001b[32m'test.jpg'\u001b[39m\u001b[33m,\u001b[39m { type\u001b[33m:\u001b[39m \u001b[32m'image/jpeg'\u001b[39m })\u001b[22m\n\u001b[2m     \u001b[90m 313 |\u001b[39m       \u001b[36mconst\u001b[39m uploadResponse \u001b[33m=\u001b[39m { url\u001b[33m:\u001b[39m \u001b[32m'/static/uploads/test.jpg'\u001b[39m }\u001b[22m\n\u001b[2m     \u001b[90m 314 |\u001b[39m       mockDiaryApi\u001b[33m.\u001b[39muploadImage\u001b[33m.\u001b[39mmockResolvedValue(uploadResponse)\u001b[0m\u001b[22m\n\u001b[2m\u001b[22m\n\u001b[2m      \u001b[2mat \u001b[22m\u001b[2m\u001b[0m\u001b[36mapp/diary/atoms/useDiaryApi.test.ts\u001b[39m\u001b[0m\u001b[2m:311:5\u001b[22m\u001b[2m\u001b[22m\n\u001b[2m      \u001b[2mat \u001b[22m\u001b[2m\u001b[0m\u001b[36mapp/diary/atoms/useDiaryApi.test.ts\u001b[39m\u001b[0m\u001b[2m:310:3\u001b[22m\u001b[2m\u001b[22m\n\u001b[2m      \u001b[2mat Object.<anonymous> (\u001b[22m\u001b[2m\u001b[0m\u001b[36mapp/diary/atoms/useDiaryApi.test.ts\u001b[39m\u001b[0m\u001b[2m:16:1)\u001b[22m\u001b[2m\u001b[22m\n\n\u001b[1m\u001b[31m  \u001b[1m● \u001b[22m\u001b[1museDiaryApi › uploadImage › should handle upload error\u001b[39m\u001b[22m\n\n    \u001b[2mexpect(\u001b[22m\u001b[31mreceived\u001b[39m\u001b[2m).\u001b[22mtoBe\u001b[2m(\u001b[22m\u001b[32mexpected\u001b[39m\u001b[2m) // Object.is equality\u001b[22m\n\n    Expected: \u001b[32m\"Invalid file type\"\u001b[39m\n    Received: \u001b[31mnull\u001b[39m\n\u001b[2m\u001b[22m\n\u001b[2m    \u001b[0m \u001b[90m 339 |\u001b[39m       })\u001b[33m.\u001b[39mrejects\u001b[33m.\u001b[39mtoThrow(errorMessage)\u001b[22m\n\u001b[2m     \u001b[90m 340 |\u001b[39m\u001b[22m\n\u001b[2m    \u001b[31m\u001b[1m>\u001b[22m\u001b[2m\u001b[39m\u001b[90m 341 |\u001b[39m       expect(result\u001b[33m.\u001b[39mcurrent\u001b[33m.\u001b[39merror)\u001b[33m.\u001b[39mtoBe(errorMessage)\u001b[22m\n\u001b[2m     \u001b[90m     |\u001b[39m                                    \u001b[31m\u001b[1m^\u001b[22m\u001b[2m\u001b[39m\u001b[22m\n\u001b[2m     \u001b[90m 342 |\u001b[39m       expect(result\u001b[33m.\u001b[39mcurrent\u001b[33m.\u001b[39mloading)\u001b[33m.\u001b[39mtoBe(\u001b[36mfalse\u001b[39m)\u001b[22m\n\u001b[2m     \u001b[90m 343 |\u001b[39m     })\u001b[22m\n\u001b[2m     \u001b[90m 344 |\u001b[39m   })\u001b[0m\u001b[22m\n\u001b[2m\u001b[22m\n\u001b[2m      \u001b[2mat Object.<anonymous> (\u001b[22m\u001b[2m\u001b[0m\u001b[36mapp/diary/atoms/useDiaryApi.test.ts\u001b[39m\u001b[0m\u001b[2m:341:36)\u001b[22m\u001b[2m\u001b[22m\n","name":"E:\\Dev\\superapp\\frontend\\app\\diary\\atoms\\useDiaryApi.test.ts","startTime":1752779220706,"status":"failed","summary":""}],"wasInterrupted":false}
